[2020-08-30 19:12:51] local.ERROR: Not Found {"exception":"[object] (Github\\Exception\\RuntimeException(code: 404): Not Found at /Users/dave/PhpstormProjects/git-list/server/vendor/knplabs/github-api/lib/Github/HttpClient/Plugin/GithubExceptionThrower.php:106)
[stacktrace]
#0 /Users/dave/PhpstormProjects/git-list/server/vendor/php-http/httplug/src/Promise/HttpFulfilledPromise.php(34): Github\\HttpClient\\Plugin\\GithubExceptionThrower->Github\\HttpClient\\Plugin\\{closure}(Object(GuzzleHttp\\Psr7\\Response))
#1 /Users/dave/PhpstormProjects/git-list/server/vendor/knplabs/github-api/lib/Github/HttpClient/Plugin/GithubExceptionThrower.php(107): Http\\Client\\Promise\\HttpFulfilledPromise->then(Object(Closure))
#2 /Users/dave/PhpstormProjects/git-list/server/vendor/php-http/client-common/src/Plugin/VersionBridgePlugin.php(19): Github\\HttpClient\\Plugin\\GithubExceptionThrower->doHandleRequest(Object(GuzzleHttp\\Psr7\\Request), Object(Closure), Object(Closure))
#3 /Users/dave/PhpstormProjects/git-list/server/vendor/php-http/client-common/src/PluginClient.php(161): Github\\HttpClient\\Plugin\\GithubExceptionThrower->handleRequest(Object(GuzzleHttp\\Psr7\\Request), Object(Closure), Object(Closure))
#4 /Users/dave/PhpstormProjects/git-list/server/vendor/php-http/client-common/src/PluginClient.php(175): Http\\Client\\Common\\PluginClient->Http\\Client\\Common\\{closure}(Object(GuzzleHttp\\Psr7\\Request))
#5 /Users/dave/PhpstormProjects/git-list/server/vendor/php-http/client-common/src/PluginClient.php(88): Http\\Client\\Common\\PluginClient->Http\\Client\\Common\\{closure}(Object(GuzzleHttp\\Psr7\\Request))
#6 /Users/dave/PhpstormProjects/git-list/server/vendor/php-http/client-common/src/HttpMethodsClient.php(208): Http\\Client\\Common\\PluginClient->sendRequest(Object(GuzzleHttp\\Psr7\\Request))
#7 /Users/dave/PhpstormProjects/git-list/server/vendor/php-http/client-common/src/HttpMethodsClient.php(194): Http\\Client\\Common\\HttpMethodsClient->sendRequest(Object(GuzzleHttp\\Psr7\\Request))
#8 /Users/dave/PhpstormProjects/git-list/server/vendor/php-http/client-common/src/HttpMethodsClient.php(66): Http\\Client\\Common\\HttpMethodsClient->send('GET', '/repos/1/1/comm...', Array, NULL)
#9 /Users/dave/PhpstormProjects/git-list/server/vendor/knplabs/github-api/lib/Github/Api/AbstractApi.php(109): Http\\Client\\Common\\HttpMethodsClient->get('/repos/1/1/comm...', Array)
#10 /Users/dave/PhpstormProjects/git-list/server/vendor/knplabs/github-api/lib/Github/Api/Repository/Commits.php(16): Github\\Api\\AbstractApi->get('/repos/1/1/comm...', Array)
#11 /Users/dave/PhpstormProjects/git-list/server/app/Modules/Commits/Jobs/SyncCommitsByPage.php(40): Github\\Api\\Repository\\Commits->all('1', '1', Array)
#12 [internal function]: App\\Modules\\Commits\\Jobs\\SyncCommitsByPage->handle(Object(Github\\Api\\Repository\\Commits), Object(Illuminate\\Bus\\Dispatcher))
#13 /Users/dave/PhpstormProjects/git-list/server/vendor/laravel/framework/src/Illuminate/Container/BoundMethod.php(37): call_user_func_array(Array, Array)
#14 /Users/dave/PhpstormProjects/git-list/server/vendor/laravel/framework/src/Illuminate/Container/Util.php(37): Illuminate\\Container\\BoundMethod::Illuminate\\Container\\{closure}()
#15 /Users/dave/PhpstormProjects/git-list/server/vendor/laravel/framework/src/Illuminate/Container/BoundMethod.php(95): Illuminate\\Container\\Util::unwrapIfClosure(Object(Closure))
#16 /Users/dave/PhpstormProjects/git-list/server/vendor/laravel/framework/src/Illuminate/Container/BoundMethod.php(39): Illuminate\\Container\\BoundMethod::callBoundMethod(Object(Illuminate\\Foundation\\Application), Array, Object(Closure))
#17 /Users/dave/PhpstormProjects/git-list/server/vendor/laravel/framework/src/Illuminate/Container/Container.php(596): Illuminate\\Container\\BoundMethod::call(Object(Illuminate\\Foundation\\Application), Array, Array, NULL)
#18 /Users/dave/PhpstormProjects/git-list/server/vendor/laravel/framework/src/Illuminate/Bus/Dispatcher.php(94): Illuminate\\Container\\Container->call(Array)
#19 /Users/dave/PhpstormProjects/git-list/server/vendor/laravel/framework/src/Illuminate/Pipeline/Pipeline.php(128): Illuminate\\Bus\\Dispatcher->Illuminate\\Bus\\{closure}(Object(App\\Modules\\Commits\\Jobs\\SyncCommitsByPage))
#20 /Users/dave/PhpstormProjects/git-list/server/vendor/laravel/framework/src/Illuminate/Pipeline/Pipeline.php(103): Illuminate\\Pipeline\\Pipeline->Illuminate\\Pipeline\\{closure}(Object(App\\Modules\\Commits\\Jobs\\SyncCommitsByPage))
#21 /Users/dave/PhpstormProjects/git-list/server/vendor/laravel/framework/src/Illuminate/Bus/Dispatcher.php(98): Illuminate\\Pipeline\\Pipeline->then(Object(Closure))
#22 /Users/dave/PhpstormProjects/git-list/server/vendor/laravel/framework/src/Illuminate/Queue/CallQueuedHandler.php(83): Illuminate\\Bus\\Dispatcher->dispatchNow(Object(App\\Modules\\Commits\\Jobs\\SyncCommitsByPage), false)
#23 /Users/dave/PhpstormProjects/git-list/server/vendor/laravel/framework/src/Illuminate/Pipeline/Pipeline.php(128): Illuminate\\Queue\\CallQueuedHandler->Illuminate\\Queue\\{closure}(Object(App\\Modules\\Commits\\Jobs\\SyncCommitsByPage))
#24 /Users/dave/PhpstormProjects/git-list/server/vendor/laravel/framework/src/Illuminate/Pipeline/Pipeline.php(103): Illuminate\\Pipeline\\Pipeline->Illuminate\\Pipeline\\{closure}(Object(App\\Modules\\Commits\\Jobs\\SyncCommitsByPage))
#25 /Users/dave/PhpstormProjects/git-list/server/vendor/laravel/framework/src/Illuminate/Queue/CallQueuedHandler.php(85): Illuminate\\Pipeline\\Pipeline->then(Object(Closure))
#26 /Users/dave/PhpstormProjects/git-list/server/vendor/laravel/framework/src/Illuminate/Queue/CallQueuedHandler.php(59): Illuminate\\Queue\\CallQueuedHandler->dispatchThroughMiddleware(Object(Illuminate\\Queue\\Jobs\\RedisJob), Object(App\\Modules\\Commits\\Jobs\\SyncCommitsByPage))
#27 /Users/dave/PhpstormProjects/git-list/server/vendor/laravel/framework/src/Illuminate/Queue/Jobs/Job.php(98): Illuminate\\Queue\\CallQueuedHandler->call(Object(Illuminate\\Queue\\Jobs\\RedisJob), Array)
#28 /Users/dave/PhpstormProjects/git-list/server/vendor/laravel/framework/src/Illuminate/Queue/Worker.php(356): Illuminate\\Queue\\Jobs\\Job->fire()
#29 /Users/dave/PhpstormProjects/git-list/server/vendor/laravel/framework/src/Illuminate/Queue/Worker.php(306): Illuminate\\Queue\\Worker->process('redis', Object(Illuminate\\Queue\\Jobs\\RedisJob), Object(Illuminate\\Queue\\WorkerOptions))
#30 /Users/dave/PhpstormProjects/git-list/server/vendor/laravel/framework/src/Illuminate/Queue/Worker.php(132): Illuminate\\Queue\\Worker->runJob(Object(Illuminate\\Queue\\Jobs\\RedisJob), 'redis', Object(Illuminate\\Queue\\WorkerOptions))
#31 /Users/dave/PhpstormProjects/git-list/server/vendor/laravel/framework/src/Illuminate/Queue/Console/WorkCommand.php(112): Illuminate\\Queue\\Worker->daemon('redis', 'default', Object(Illuminate\\Queue\\WorkerOptions))
#32 /Users/dave/PhpstormProjects/git-list/server/vendor/laravel/framework/src/Illuminate/Queue/Console/WorkCommand.php(96): Illuminate\\Queue\\Console\\WorkCommand->runWorker('redis', 'default')
#33 /Users/dave/PhpstormProjects/git-list/server/vendor/laravel/horizon/src/Console/WorkCommand.php(46): Illuminate\\Queue\\Console\\WorkCommand->handle()
#34 [internal function]: Laravel\\Horizon\\Console\\WorkCommand->handle()
#35 /Users/dave/PhpstormProjects/git-list/server/vendor/laravel/framework/src/Illuminate/Container/BoundMethod.php(37): call_user_func_array(Array, Array)
#36 /Users/dave/PhpstormProjects/git-list/server/vendor/laravel/framework/src/Illuminate/Container/Util.php(37): Illuminate\\Container\\BoundMethod::Illuminate\\Container\\{closure}()
#37 /Users/dave/PhpstormProjects/git-list/server/vendor/laravel/framework/src/Illuminate/Container/BoundMethod.php(95): Illuminate\\Container\\Util::unwrapIfClosure(Object(Closure))
#38 /Users/dave/PhpstormProjects/git-list/server/vendor/laravel/framework/src/Illuminate/Container/BoundMethod.php(39): Illuminate\\Container\\BoundMethod::callBoundMethod(Object(Illuminate\\Foundation\\Application), Array, Object(Closure))
#39 /Users/dave/PhpstormProjects/git-list/server/vendor/laravel/framework/src/Illuminate/Container/Container.php(596): Illuminate\\Container\\BoundMethod::call(Object(Illuminate\\Foundation\\Application), Array, Array, NULL)
#40 /Users/dave/PhpstormProjects/git-list/server/vendor/laravel/framework/src/Illuminate/Console/Command.php(134): Illuminate\\Container\\Container->call(Array)
#41 /Users/dave/PhpstormProjects/git-list/server/vendor/symfony/console/Command/Command.php(258): Illuminate\\Console\\Command->execute(Object(Symfony\\Component\\Console\\Input\\ArgvInput), Object(Illuminate\\Console\\OutputStyle))
#42 /Users/dave/PhpstormProjects/git-list/server/vendor/laravel/framework/src/Illuminate/Console/Command.php(121): Symfony\\Component\\Console\\Command\\Command->run(Object(Symfony\\Component\\Console\\Input\\ArgvInput), Object(Illuminate\\Console\\OutputStyle))
#43 /Users/dave/PhpstormProjects/git-list/server/vendor/symfony/console/Application.php(911): Illuminate\\Console\\Command->run(Object(Symfony\\Component\\Console\\Input\\ArgvInput), Object(Symfony\\Component\\Console\\Output\\ConsoleOutput))
#44 /Users/dave/PhpstormProjects/git-list/server/vendor/symfony/console/Application.php(264): Symfony\\Component\\Console\\Application->doRunCommand(Object(Laravel\\Horizon\\Console\\WorkCommand), Object(Symfony\\Component\\Console\\Input\\ArgvInput), Object(Symfony\\Component\\Console\\Output\\ConsoleOutput))
#45 /Users/dave/PhpstormProjects/git-list/server/vendor/symfony/console/Application.php(140): Symfony\\Component\\Console\\Application->doRun(Object(Symfony\\Component\\Console\\Input\\ArgvInput), Object(Symfony\\Component\\Console\\Output\\ConsoleOutput))
#46 /Users/dave/PhpstormProjects/git-list/server/vendor/laravel/framework/src/Illuminate/Console/Application.php(93): Symfony\\Component\\Console\\Application->run(Object(Symfony\\Component\\Console\\Input\\ArgvInput), Object(Symfony\\Component\\Console\\Output\\ConsoleOutput))
#47 /Users/dave/PhpstormProjects/git-list/server/vendor/laravel/framework/src/Illuminate/Foundation/Console/Kernel.php(129): Illuminate\\Console\\Application->run(Object(Symfony\\Component\\Console\\Input\\ArgvInput), Object(Symfony\\Component\\Console\\Output\\ConsoleOutput))
#48 /Users/dave/PhpstormProjects/git-list/server/artisan(37): Illuminate\\Foundation\\Console\\Kernel->handle(Object(Symfony\\Component\\Console\\Input\\ArgvInput), Object(Symfony\\Component\\Console\\Output\\ConsoleOutput))
#49 {main}
"} 
[2020-08-30 19:12:51] local.ERROR: SQLSTATE[42703]: Undefined column: 7 ERROR:  column "repository" does not exist
LINE 1: ...ists(select * from "commits" where "sha" = $1 and "repositor...
                                                             ^
HINT:  Perhaps you meant to reference the column "commits.repository_id". (SQL: select exists(select * from "commits" where "sha" = 47b52007d597f42df58c11152b2a68a5ec1529db and "repository" = 2) as "exists") {"exception":"[object] (Illuminate\\Database\\QueryException(code: 42703): SQLSTATE[42703]: Undefined column: 7 ERROR:  column \"repository\" does not exist
LINE 1: ...ists(select * from \"commits\" where \"sha\" = $1 and \"repositor...
                                                             ^
HINT:  Perhaps you meant to reference the column \"commits.repository_id\". (SQL: select exists(select * from \"commits\" where \"sha\" = 47b52007d597f42df58c11152b2a68a5ec1529db and \"repository\" = 2) as \"exists\") at /Users/dave/PhpstormProjects/git-list/server/vendor/laravel/framework/src/Illuminate/Database/Connection.php:671)
[stacktrace]
#0 /Users/dave/PhpstormProjects/git-list/server/vendor/laravel/framework/src/Illuminate/Database/Connection.php(631): Illuminate\\Database\\Connection->runQueryCallback('select exists(s...', Array, Object(Closure))
#1 /Users/dave/PhpstormProjects/git-list/server/vendor/laravel/framework/src/Illuminate/Database/Connection.php(339): Illuminate\\Database\\Connection->run('select exists(s...', Array, Object(Closure))
#2 /Users/dave/PhpstormProjects/git-list/server/vendor/laravel/framework/src/Illuminate/Database/Query/Builder.php(2543): Illuminate\\Database\\Connection->select('select exists(s...', Array, true)
#3 /Users/dave/PhpstormProjects/git-list/server/vendor/laravel/framework/src/Illuminate/Database/Eloquent/Builder.php(1411): Illuminate\\Database\\Query\\Builder->exists()
#4 /Users/dave/PhpstormProjects/git-list/server/app/Modules/Commits/Commands/AddCommit.php(24): Illuminate\\Database\\Eloquent\\Builder->__call('exists', Array)
#5 [internal function]: App\\Modules\\Commits\\Commands\\AddCommit->handle()
#6 /Users/dave/PhpstormProjects/git-list/server/vendor/laravel/framework/src/Illuminate/Container/BoundMethod.php(37): call_user_func_array(Array, Array)
#7 /Users/dave/PhpstormProjects/git-list/server/vendor/laravel/framework/src/Illuminate/Container/Util.php(37): Illuminate\\Container\\BoundMethod::Illuminate\\Container\\{closure}()
#8 /Users/dave/PhpstormProjects/git-list/server/vendor/laravel/framework/src/Illuminate/Container/BoundMethod.php(95): Illuminate\\Container\\Util::unwrapIfClosure(Object(Closure))
#9 /Users/dave/PhpstormProjects/git-list/server/vendor/laravel/framework/src/Illuminate/Container/BoundMethod.php(39): Illuminate\\Container\\BoundMethod::callBoundMethod(Object(Illuminate\\Foundation\\Application), Array, Object(Closure))
#10 /Users/dave/PhpstormProjects/git-list/server/vendor/laravel/framework/src/Illuminate/Container/Container.php(596): Illuminate\\Container\\BoundMethod::call(Object(Illuminate\\Foundation\\Application), Array, Array, NULL)
#11 /Users/dave/PhpstormProjects/git-list/server/vendor/laravel/framework/src/Illuminate/Bus/Dispatcher.php(94): Illuminate\\Container\\Container->call(Array)
#12 /Users/dave/PhpstormProjects/git-list/server/vendor/laravel/framework/src/Illuminate/Pipeline/Pipeline.php(128): Illuminate\\Bus\\Dispatcher->Illuminate\\Bus\\{closure}(Object(App\\Modules\\Commits\\Commands\\AddCommit))
#13 /Users/dave/PhpstormProjects/git-list/server/vendor/laravel/framework/src/Illuminate/Pipeline/Pipeline.php(103): Illuminate\\Pipeline\\Pipeline->Illuminate\\Pipeline\\{closure}(Object(App\\Modules\\Commits\\Commands\\AddCommit))
#14 /Users/dave/PhpstormProjects/git-list/server/vendor/laravel/framework/src/Illuminate/Bus/Dispatcher.php(98): Illuminate\\Pipeline\\Pipeline->then(Object(Closure))
#15 /Users/dave/PhpstormProjects/git-list/server/app/Modules/Commits/Jobs/SyncCommitsByPage.php(45): Illuminate\\Bus\\Dispatcher->dispatchNow(Object(App\\Modules\\Commits\\Commands\\AddCommit))
#16 [internal function]: App\\Modules\\Commits\\Jobs\\SyncCommitsByPage->handle(Object(Github\\Api\\Repository\\Commits), Object(Illuminate\\Bus\\Dispatcher))
#17 /Users/dave/PhpstormProjects/git-list/server/vendor/laravel/framework/src/Illuminate/Container/BoundMethod.php(37): call_user_func_array(Array, Array)
#18 /Users/dave/PhpstormProjects/git-list/server/vendor/laravel/framework/src/Illuminate/Container/Util.php(37): Illuminate\\Container\\BoundMethod::Illuminate\\Container\\{closure}()
#19 /Users/dave/PhpstormProjects/git-list/server/vendor/laravel/framework/src/Illuminate/Container/BoundMethod.php(95): Illuminate\\Container\\Util::unwrapIfClosure(Object(Closure))
#20 /Users/dave/PhpstormProjects/git-list/server/vendor/laravel/framework/src/Illuminate/Container/BoundMethod.php(39): Illuminate\\Container\\BoundMethod::callBoundMethod(Object(Illuminate\\Foundation\\Application), Array, Object(Closure))
#21 /Users/dave/PhpstormProjects/git-list/server/vendor/laravel/framework/src/Illuminate/Container/Container.php(596): Illuminate\\Container\\BoundMethod::call(Object(Illuminate\\Foundation\\Application), Array, Array, NULL)
#22 /Users/dave/PhpstormProjects/git-list/server/vendor/laravel/framework/src/Illuminate/Bus/Dispatcher.php(94): Illuminate\\Container\\Container->call(Array)
#23 /Users/dave/PhpstormProjects/git-list/server/vendor/laravel/framework/src/Illuminate/Pipeline/Pipeline.php(128): Illuminate\\Bus\\Dispatcher->Illuminate\\Bus\\{closure}(Object(App\\Modules\\Commits\\Jobs\\SyncCommitsByPage))
#24 /Users/dave/PhpstormProjects/git-list/server/vendor/laravel/framework/src/Illuminate/Pipeline/Pipeline.php(103): Illuminate\\Pipeline\\Pipeline->Illuminate\\Pipeline\\{closure}(Object(App\\Modules\\Commits\\Jobs\\SyncCommitsByPage))
#25 /Users/dave/PhpstormProjects/git-list/server/vendor/laravel/framework/src/Illuminate/Bus/Dispatcher.php(98): Illuminate\\Pipeline\\Pipeline->then(Object(Closure))
#26 /Users/dave/PhpstormProjects/git-list/server/vendor/laravel/framework/src/Illuminate/Queue/CallQueuedHandler.php(83): Illuminate\\Bus\\Dispatcher->dispatchNow(Object(App\\Modules\\Commits\\Jobs\\SyncCommitsByPage), false)
#27 /Users/dave/PhpstormProjects/git-list/server/vendor/laravel/framework/src/Illuminate/Pipeline/Pipeline.php(128): Illuminate\\Queue\\CallQueuedHandler->Illuminate\\Queue\\{closure}(Object(App\\Modules\\Commits\\Jobs\\SyncCommitsByPage))
#28 /Users/dave/PhpstormProjects/git-list/server/vendor/laravel/framework/src/Illuminate/Pipeline/Pipeline.php(103): Illuminate\\Pipeline\\Pipeline->Illuminate\\Pipeline\\{closure}(Object(App\\Modules\\Commits\\Jobs\\SyncCommitsByPage))
#29 /Users/dave/PhpstormProjects/git-list/server/vendor/laravel/framework/src/Illuminate/Queue/CallQueuedHandler.php(85): Illuminate\\Pipeline\\Pipeline->then(Object(Closure))
#30 /Users/dave/PhpstormProjects/git-list/server/vendor/laravel/framework/src/Illuminate/Queue/CallQueuedHandler.php(59): Illuminate\\Queue\\CallQueuedHandler->dispatchThroughMiddleware(Object(Illuminate\\Queue\\Jobs\\RedisJob), Object(App\\Modules\\Commits\\Jobs\\SyncCommitsByPage))
#31 /Users/dave/PhpstormProjects/git-list/server/vendor/laravel/framework/src/Illuminate/Queue/Jobs/Job.php(98): Illuminate\\Queue\\CallQueuedHandler->call(Object(Illuminate\\Queue\\Jobs\\RedisJob), Array)
#32 /Users/dave/PhpstormProjects/git-list/server/vendor/laravel/framework/src/Illuminate/Queue/Worker.php(356): Illuminate\\Queue\\Jobs\\Job->fire()
#33 /Users/dave/PhpstormProjects/git-list/server/vendor/laravel/framework/src/Illuminate/Queue/Worker.php(306): Illuminate\\Queue\\Worker->process('redis', Object(Illuminate\\Queue\\Jobs\\RedisJob), Object(Illuminate\\Queue\\WorkerOptions))
#34 /Users/dave/PhpstormProjects/git-list/server/vendor/laravel/framework/src/Illuminate/Queue/Worker.php(132): Illuminate\\Queue\\Worker->runJob(Object(Illuminate\\Queue\\Jobs\\RedisJob), 'redis', Object(Illuminate\\Queue\\WorkerOptions))
#35 /Users/dave/PhpstormProjects/git-list/server/vendor/laravel/framework/src/Illuminate/Queue/Console/WorkCommand.php(112): Illuminate\\Queue\\Worker->daemon('redis', 'default', Object(Illuminate\\Queue\\WorkerOptions))
#36 /Users/dave/PhpstormProjects/git-list/server/vendor/laravel/framework/src/Illuminate/Queue/Console/WorkCommand.php(96): Illuminate\\Queue\\Console\\WorkCommand->runWorker('redis', 'default')
#37 /Users/dave/PhpstormProjects/git-list/server/vendor/laravel/horizon/src/Console/WorkCommand.php(46): Illuminate\\Queue\\Console\\WorkCommand->handle()
#38 [internal function]: Laravel\\Horizon\\Console\\WorkCommand->handle()
#39 /Users/dave/PhpstormProjects/git-list/server/vendor/laravel/framework/src/Illuminate/Container/BoundMethod.php(37): call_user_func_array(Array, Array)
#40 /Users/dave/PhpstormProjects/git-list/server/vendor/laravel/framework/src/Illuminate/Container/Util.php(37): Illuminate\\Container\\BoundMethod::Illuminate\\Container\\{closure}()
#41 /Users/dave/PhpstormProjects/git-list/server/vendor/laravel/framework/src/Illuminate/Container/BoundMethod.php(95): Illuminate\\Container\\Util::unwrapIfClosure(Object(Closure))
#42 /Users/dave/PhpstormProjects/git-list/server/vendor/laravel/framework/src/Illuminate/Container/BoundMethod.php(39): Illuminate\\Container\\BoundMethod::callBoundMethod(Object(Illuminate\\Foundation\\Application), Array, Object(Closure))
#43 /Users/dave/PhpstormProjects/git-list/server/vendor/laravel/framework/src/Illuminate/Container/Container.php(596): Illuminate\\Container\\BoundMethod::call(Object(Illuminate\\Foundation\\Application), Array, Array, NULL)
#44 /Users/dave/PhpstormProjects/git-list/server/vendor/laravel/framework/src/Illuminate/Console/Command.php(134): Illuminate\\Container\\Container->call(Array)
#45 /Users/dave/PhpstormProjects/git-list/server/vendor/symfony/console/Command/Command.php(258): Illuminate\\Console\\Command->execute(Object(Symfony\\Component\\Console\\Input\\ArgvInput), Object(Illuminate\\Console\\OutputStyle))
#46 /Users/dave/PhpstormProjects/git-list/server/vendor/laravel/framework/src/Illuminate/Console/Command.php(121): Symfony\\Component\\Console\\Command\\Command->run(Object(Symfony\\Component\\Console\\Input\\ArgvInput), Object(Illuminate\\Console\\OutputStyle))
#47 /Users/dave/PhpstormProjects/git-list/server/vendor/symfony/console/Application.php(911): Illuminate\\Console\\Command->run(Object(Symfony\\Component\\Console\\Input\\ArgvInput), Object(Symfony\\Component\\Console\\Output\\ConsoleOutput))
#48 /Users/dave/PhpstormProjects/git-list/server/vendor/symfony/console/Application.php(264): Symfony\\Component\\Console\\Application->doRunCommand(Object(Laravel\\Horizon\\Console\\WorkCommand), Object(Symfony\\Component\\Console\\Input\\ArgvInput), Object(Symfony\\Component\\Console\\Output\\ConsoleOutput))
#49 /Users/dave/PhpstormProjects/git-list/server/vendor/symfony/console/Application.php(140): Symfony\\Component\\Console\\Application->doRun(Object(Symfony\\Component\\Console\\Input\\ArgvInput), Object(Symfony\\Component\\Console\\Output\\ConsoleOutput))
#50 /Users/dave/PhpstormProjects/git-list/server/vendor/laravel/framework/src/Illuminate/Console/Application.php(93): Symfony\\Component\\Console\\Application->run(Object(Symfony\\Component\\Console\\Input\\ArgvInput), Object(Symfony\\Component\\Console\\Output\\ConsoleOutput))
#51 /Users/dave/PhpstormProjects/git-list/server/vendor/laravel/framework/src/Illuminate/Foundation/Console/Kernel.php(129): Illuminate\\Console\\Application->run(Object(Symfony\\Component\\Console\\Input\\ArgvInput), Object(Symfony\\Component\\Console\\Output\\ConsoleOutput))
#52 /Users/dave/PhpstormProjects/git-list/server/artisan(37): Illuminate\\Foundation\\Console\\Kernel->handle(Object(Symfony\\Component\\Console\\Input\\ArgvInput), Object(Symfony\\Component\\Console\\Output\\ConsoleOutput))
#53 {main}

[previous exception] [object] (PDOException(code: 42703): SQLSTATE[42703]: Undefined column: 7 ERROR:  column \"repository\" does not exist
LINE 1: ...ists(select * from \"commits\" where \"sha\" = $1 and \"repositor...
                                                             ^
HINT:  Perhaps you meant to reference the column \"commits.repository_id\". at /Users/dave/PhpstormProjects/git-list/server/vendor/laravel/framework/src/Illuminate/Database/Connection.php:336)
[stacktrace]
#0 /Users/dave/PhpstormProjects/git-list/server/vendor/laravel/framework/src/Illuminate/Database/Connection.php(336): PDOStatement->execute()
#1 /Users/dave/PhpstormProjects/git-list/server/vendor/laravel/framework/src/Illuminate/Database/Connection.php(664): Illuminate\\Database\\Connection->Illuminate\\Database\\{closure}('select exists(s...', Array)
#2 /Users/dave/PhpstormProjects/git-list/server/vendor/laravel/framework/src/Illuminate/Database/Connection.php(631): Illuminate\\Database\\Connection->runQueryCallback('select exists(s...', Array, Object(Closure))
#3 /Users/dave/PhpstormProjects/git-list/server/vendor/laravel/framework/src/Illuminate/Database/Connection.php(339): Illuminate\\Database\\Connection->run('select exists(s...', Array, Object(Closure))
#4 /Users/dave/PhpstormProjects/git-list/server/vendor/laravel/framework/src/Illuminate/Database/Query/Builder.php(2543): Illuminate\\Database\\Connection->select('select exists(s...', Array, true)
#5 /Users/dave/PhpstormProjects/git-list/server/vendor/laravel/framework/src/Illuminate/Database/Eloquent/Builder.php(1411): Illuminate\\Database\\Query\\Builder->exists()
#6 /Users/dave/PhpstormProjects/git-list/server/app/Modules/Commits/Commands/AddCommit.php(24): Illuminate\\Database\\Eloquent\\Builder->__call('exists', Array)
#7 [internal function]: App\\Modules\\Commits\\Commands\\AddCommit->handle()
#8 /Users/dave/PhpstormProjects/git-list/server/vendor/laravel/framework/src/Illuminate/Container/BoundMethod.php(37): call_user_func_array(Array, Array)
#9 /Users/dave/PhpstormProjects/git-list/server/vendor/laravel/framework/src/Illuminate/Container/Util.php(37): Illuminate\\Container\\BoundMethod::Illuminate\\Container\\{closure}()
#10 /Users/dave/PhpstormProjects/git-list/server/vendor/laravel/framework/src/Illuminate/Container/BoundMethod.php(95): Illuminate\\Container\\Util::unwrapIfClosure(Object(Closure))
#11 /Users/dave/PhpstormProjects/git-list/server/vendor/laravel/framework/src/Illuminate/Container/BoundMethod.php(39): Illuminate\\Container\\BoundMethod::callBoundMethod(Object(Illuminate\\Foundation\\Application), Array, Object(Closure))
#12 /Users/dave/PhpstormProjects/git-list/server/vendor/laravel/framework/src/Illuminate/Container/Container.php(596): Illuminate\\Container\\BoundMethod::call(Object(Illuminate\\Foundation\\Application), Array, Array, NULL)
#13 /Users/dave/PhpstormProjects/git-list/server/vendor/laravel/framework/src/Illuminate/Bus/Dispatcher.php(94): Illuminate\\Container\\Container->call(Array)
#14 /Users/dave/PhpstormProjects/git-list/server/vendor/laravel/framework/src/Illuminate/Pipeline/Pipeline.php(128): Illuminate\\Bus\\Dispatcher->Illuminate\\Bus\\{closure}(Object(App\\Modules\\Commits\\Commands\\AddCommit))
#15 /Users/dave/PhpstormProjects/git-list/server/vendor/laravel/framework/src/Illuminate/Pipeline/Pipeline.php(103): Illuminate\\Pipeline\\Pipeline->Illuminate\\Pipeline\\{closure}(Object(App\\Modules\\Commits\\Commands\\AddCommit))
#16 /Users/dave/PhpstormProjects/git-list/server/vendor/laravel/framework/src/Illuminate/Bus/Dispatcher.php(98): Illuminate\\Pipeline\\Pipeline->then(Object(Closure))
#17 /Users/dave/PhpstormProjects/git-list/server/app/Modules/Commits/Jobs/SyncCommitsByPage.php(45): Illuminate\\Bus\\Dispatcher->dispatchNow(Object(App\\Modules\\Commits\\Commands\\AddCommit))
#18 [internal function]: App\\Modules\\Commits\\Jobs\\SyncCommitsByPage->handle(Object(Github\\Api\\Repository\\Commits), Object(Illuminate\\Bus\\Dispatcher))
#19 /Users/dave/PhpstormProjects/git-list/server/vendor/laravel/framework/src/Illuminate/Container/BoundMethod.php(37): call_user_func_array(Array, Array)
#20 /Users/dave/PhpstormProjects/git-list/server/vendor/laravel/framework/src/Illuminate/Container/Util.php(37): Illuminate\\Container\\BoundMethod::Illuminate\\Container\\{closure}()
#21 /Users/dave/PhpstormProjects/git-list/server/vendor/laravel/framework/src/Illuminate/Container/BoundMethod.php(95): Illuminate\\Container\\Util::unwrapIfClosure(Object(Closure))
#22 /Users/dave/PhpstormProjects/git-list/server/vendor/laravel/framework/src/Illuminate/Container/BoundMethod.php(39): Illuminate\\Container\\BoundMethod::callBoundMethod(Object(Illuminate\\Foundation\\Application), Array, Object(Closure))
#23 /Users/dave/PhpstormProjects/git-list/server/vendor/laravel/framework/src/Illuminate/Container/Container.php(596): Illuminate\\Container\\BoundMethod::call(Object(Illuminate\\Foundation\\Application), Array, Array, NULL)
#24 /Users/dave/PhpstormProjects/git-list/server/vendor/laravel/framework/src/Illuminate/Bus/Dispatcher.php(94): Illuminate\\Container\\Container->call(Array)
#25 /Users/dave/PhpstormProjects/git-list/server/vendor/laravel/framework/src/Illuminate/Pipeline/Pipeline.php(128): Illuminate\\Bus\\Dispatcher->Illuminate\\Bus\\{closure}(Object(App\\Modules\\Commits\\Jobs\\SyncCommitsByPage))
#26 /Users/dave/PhpstormProjects/git-list/server/vendor/laravel/framework/src/Illuminate/Pipeline/Pipeline.php(103): Illuminate\\Pipeline\\Pipeline->Illuminate\\Pipeline\\{closure}(Object(App\\Modules\\Commits\\Jobs\\SyncCommitsByPage))
#27 /Users/dave/PhpstormProjects/git-list/server/vendor/laravel/framework/src/Illuminate/Bus/Dispatcher.php(98): Illuminate\\Pipeline\\Pipeline->then(Object(Closure))
#28 /Users/dave/PhpstormProjects/git-list/server/vendor/laravel/framework/src/Illuminate/Queue/CallQueuedHandler.php(83): Illuminate\\Bus\\Dispatcher->dispatchNow(Object(App\\Modules\\Commits\\Jobs\\SyncCommitsByPage), false)
#29 /Users/dave/PhpstormProjects/git-list/server/vendor/laravel/framework/src/Illuminate/Pipeline/Pipeline.php(128): Illuminate\\Queue\\CallQueuedHandler->Illuminate\\Queue\\{closure}(Object(App\\Modules\\Commits\\Jobs\\SyncCommitsByPage))
#30 /Users/dave/PhpstormProjects/git-list/server/vendor/laravel/framework/src/Illuminate/Pipeline/Pipeline.php(103): Illuminate\\Pipeline\\Pipeline->Illuminate\\Pipeline\\{closure}(Object(App\\Modules\\Commits\\Jobs\\SyncCommitsByPage))
#31 /Users/dave/PhpstormProjects/git-list/server/vendor/laravel/framework/src/Illuminate/Queue/CallQueuedHandler.php(85): Illuminate\\Pipeline\\Pipeline->then(Object(Closure))
#32 /Users/dave/PhpstormProjects/git-list/server/vendor/laravel/framework/src/Illuminate/Queue/CallQueuedHandler.php(59): Illuminate\\Queue\\CallQueuedHandler->dispatchThroughMiddleware(Object(Illuminate\\Queue\\Jobs\\RedisJob), Object(App\\Modules\\Commits\\Jobs\\SyncCommitsByPage))
#33 /Users/dave/PhpstormProjects/git-list/server/vendor/laravel/framework/src/Illuminate/Queue/Jobs/Job.php(98): Illuminate\\Queue\\CallQueuedHandler->call(Object(Illuminate\\Queue\\Jobs\\RedisJob), Array)
#34 /Users/dave/PhpstormProjects/git-list/server/vendor/laravel/framework/src/Illuminate/Queue/Worker.php(356): Illuminate\\Queue\\Jobs\\Job->fire()
#35 /Users/dave/PhpstormProjects/git-list/server/vendor/laravel/framework/src/Illuminate/Queue/Worker.php(306): Illuminate\\Queue\\Worker->process('redis', Object(Illuminate\\Queue\\Jobs\\RedisJob), Object(Illuminate\\Queue\\WorkerOptions))
#36 /Users/dave/PhpstormProjects/git-list/server/vendor/laravel/framework/src/Illuminate/Queue/Worker.php(132): Illuminate\\Queue\\Worker->runJob(Object(Illuminate\\Queue\\Jobs\\RedisJob), 'redis', Object(Illuminate\\Queue\\WorkerOptions))
#37 /Users/dave/PhpstormProjects/git-list/server/vendor/laravel/framework/src/Illuminate/Queue/Console/WorkCommand.php(112): Illuminate\\Queue\\Worker->daemon('redis', 'default', Object(Illuminate\\Queue\\WorkerOptions))
#38 /Users/dave/PhpstormProjects/git-list/server/vendor/laravel/framework/src/Illuminate/Queue/Console/WorkCommand.php(96): Illuminate\\Queue\\Console\\WorkCommand->runWorker('redis', 'default')
#39 /Users/dave/PhpstormProjects/git-list/server/vendor/laravel/horizon/src/Console/WorkCommand.php(46): Illuminate\\Queue\\Console\\WorkCommand->handle()
#40 [internal function]: Laravel\\Horizon\\Console\\WorkCommand->handle()
#41 /Users/dave/PhpstormProjects/git-list/server/vendor/laravel/framework/src/Illuminate/Container/BoundMethod.php(37): call_user_func_array(Array, Array)
#42 /Users/dave/PhpstormProjects/git-list/server/vendor/laravel/framework/src/Illuminate/Container/Util.php(37): Illuminate\\Container\\BoundMethod::Illuminate\\Container\\{closure}()
#43 /Users/dave/PhpstormProjects/git-list/server/vendor/laravel/framework/src/Illuminate/Container/BoundMethod.php(95): Illuminate\\Container\\Util::unwrapIfClosure(Object(Closure))
#44 /Users/dave/PhpstormProjects/git-list/server/vendor/laravel/framework/src/Illuminate/Container/BoundMethod.php(39): Illuminate\\Container\\BoundMethod::callBoundMethod(Object(Illuminate\\Foundation\\Application), Array, Object(Closure))
#45 /Users/dave/PhpstormProjects/git-list/server/vendor/laravel/framework/src/Illuminate/Container/Container.php(596): Illuminate\\Container\\BoundMethod::call(Object(Illuminate\\Foundation\\Application), Array, Array, NULL)
#46 /Users/dave/PhpstormProjects/git-list/server/vendor/laravel/framework/src/Illuminate/Console/Command.php(134): Illuminate\\Container\\Container->call(Array)
#47 /Users/dave/PhpstormProjects/git-list/server/vendor/symfony/console/Command/Command.php(258): Illuminate\\Console\\Command->execute(Object(Symfony\\Component\\Console\\Input\\ArgvInput), Object(Illuminate\\Console\\OutputStyle))
#48 /Users/dave/PhpstormProjects/git-list/server/vendor/laravel/framework/src/Illuminate/Console/Command.php(121): Symfony\\Component\\Console\\Command\\Command->run(Object(Symfony\\Component\\Console\\Input\\ArgvInput), Object(Illuminate\\Console\\OutputStyle))
#49 /Users/dave/PhpstormProjects/git-list/server/vendor/symfony/console/Application.php(911): Illuminate\\Console\\Command->run(Object(Symfony\\Component\\Console\\Input\\ArgvInput), Object(Symfony\\Component\\Console\\Output\\ConsoleOutput))
#50 /Users/dave/PhpstormProjects/git-list/server/vendor/symfony/console/Application.php(264): Symfony\\Component\\Console\\Application->doRunCommand(Object(Laravel\\Horizon\\Console\\WorkCommand), Object(Symfony\\Component\\Console\\Input\\ArgvInput), Object(Symfony\\Component\\Console\\Output\\ConsoleOutput))
#51 /Users/dave/PhpstormProjects/git-list/server/vendor/symfony/console/Application.php(140): Symfony\\Component\\Console\\Application->doRun(Object(Symfony\\Component\\Console\\Input\\ArgvInput), Object(Symfony\\Component\\Console\\Output\\ConsoleOutput))
#52 /Users/dave/PhpstormProjects/git-list/server/vendor/laravel/framework/src/Illuminate/Console/Application.php(93): Symfony\\Component\\Console\\Application->run(Object(Symfony\\Component\\Console\\Input\\ArgvInput), Object(Symfony\\Component\\Console\\Output\\ConsoleOutput))
#53 /Users/dave/PhpstormProjects/git-list/server/vendor/laravel/framework/src/Illuminate/Foundation/Console/Kernel.php(129): Illuminate\\Console\\Application->run(Object(Symfony\\Component\\Console\\Input\\ArgvInput), Object(Symfony\\Component\\Console\\Output\\ConsoleOutput))
#54 /Users/dave/PhpstormProjects/git-list/server/artisan(37): Illuminate\\Foundation\\Console\\Kernel->handle(Object(Symfony\\Component\\Console\\Input\\ArgvInput), Object(Symfony\\Component\\Console\\Output\\ConsoleOutput))
#55 {main}
"} 
[2020-08-30 19:13:31] local.ERROR: SQLSTATE[42703]: Undefined column: 7 ERROR:  column "repository" does not exist
LINE 1: ...ists(select * from "commits" where "sha" = $1 and "repositor...
                                                             ^
HINT:  Perhaps you meant to reference the column "commits.repository_id". (SQL: select exists(select * from "commits" where "sha" = 47b52007d597f42df58c11152b2a68a5ec1529db and "repository" = 1) as "exists") {"exception":"[object] (Illuminate\\Database\\QueryException(code: 42703): SQLSTATE[42703]: Undefined column: 7 ERROR:  column \"repository\" does not exist
LINE 1: ...ists(select * from \"commits\" where \"sha\" = $1 and \"repositor...
                                                             ^
HINT:  Perhaps you meant to reference the column \"commits.repository_id\". (SQL: select exists(select * from \"commits\" where \"sha\" = 47b52007d597f42df58c11152b2a68a5ec1529db and \"repository\" = 1) as \"exists\") at /Users/dave/PhpstormProjects/git-list/server/vendor/laravel/framework/src/Illuminate/Database/Connection.php:671)
[stacktrace]
#0 /Users/dave/PhpstormProjects/git-list/server/vendor/laravel/framework/src/Illuminate/Database/Connection.php(631): Illuminate\\Database\\Connection->runQueryCallback('select exists(s...', Array, Object(Closure))
#1 /Users/dave/PhpstormProjects/git-list/server/vendor/laravel/framework/src/Illuminate/Database/Connection.php(339): Illuminate\\Database\\Connection->run('select exists(s...', Array, Object(Closure))
#2 /Users/dave/PhpstormProjects/git-list/server/vendor/laravel/framework/src/Illuminate/Database/Query/Builder.php(2543): Illuminate\\Database\\Connection->select('select exists(s...', Array, true)
#3 /Users/dave/PhpstormProjects/git-list/server/vendor/laravel/framework/src/Illuminate/Database/Eloquent/Builder.php(1411): Illuminate\\Database\\Query\\Builder->exists()
#4 /Users/dave/PhpstormProjects/git-list/server/app/Modules/Commits/Commands/AddCommit.php(24): Illuminate\\Database\\Eloquent\\Builder->__call('exists', Array)
#5 [internal function]: App\\Modules\\Commits\\Commands\\AddCommit->handle()
#6 /Users/dave/PhpstormProjects/git-list/server/vendor/laravel/framework/src/Illuminate/Container/BoundMethod.php(37): call_user_func_array(Array, Array)
#7 /Users/dave/PhpstormProjects/git-list/server/vendor/laravel/framework/src/Illuminate/Container/Util.php(37): Illuminate\\Container\\BoundMethod::Illuminate\\Container\\{closure}()
#8 /Users/dave/PhpstormProjects/git-list/server/vendor/laravel/framework/src/Illuminate/Container/BoundMethod.php(95): Illuminate\\Container\\Util::unwrapIfClosure(Object(Closure))
#9 /Users/dave/PhpstormProjects/git-list/server/vendor/laravel/framework/src/Illuminate/Container/BoundMethod.php(39): Illuminate\\Container\\BoundMethod::callBoundMethod(Object(Illuminate\\Foundation\\Application), Array, Object(Closure))
#10 /Users/dave/PhpstormProjects/git-list/server/vendor/laravel/framework/src/Illuminate/Container/Container.php(596): Illuminate\\Container\\BoundMethod::call(Object(Illuminate\\Foundation\\Application), Array, Array, NULL)
#11 /Users/dave/PhpstormProjects/git-list/server/vendor/laravel/framework/src/Illuminate/Bus/Dispatcher.php(94): Illuminate\\Container\\Container->call(Array)
#12 /Users/dave/PhpstormProjects/git-list/server/vendor/laravel/framework/src/Illuminate/Pipeline/Pipeline.php(128): Illuminate\\Bus\\Dispatcher->Illuminate\\Bus\\{closure}(Object(App\\Modules\\Commits\\Commands\\AddCommit))
#13 /Users/dave/PhpstormProjects/git-list/server/vendor/laravel/framework/src/Illuminate/Pipeline/Pipeline.php(103): Illuminate\\Pipeline\\Pipeline->Illuminate\\Pipeline\\{closure}(Object(App\\Modules\\Commits\\Commands\\AddCommit))
#14 /Users/dave/PhpstormProjects/git-list/server/vendor/laravel/framework/src/Illuminate/Bus/Dispatcher.php(98): Illuminate\\Pipeline\\Pipeline->then(Object(Closure))
#15 /Users/dave/PhpstormProjects/git-list/server/app/Modules/Commits/Jobs/SyncCommitsByPage.php(45): Illuminate\\Bus\\Dispatcher->dispatchNow(Object(App\\Modules\\Commits\\Commands\\AddCommit))
#16 [internal function]: App\\Modules\\Commits\\Jobs\\SyncCommitsByPage->handle(Object(Github\\Api\\Repository\\Commits), Object(Illuminate\\Bus\\Dispatcher))
#17 /Users/dave/PhpstormProjects/git-list/server/vendor/laravel/framework/src/Illuminate/Container/BoundMethod.php(37): call_user_func_array(Array, Array)
#18 /Users/dave/PhpstormProjects/git-list/server/vendor/laravel/framework/src/Illuminate/Container/Util.php(37): Illuminate\\Container\\BoundMethod::Illuminate\\Container\\{closure}()
#19 /Users/dave/PhpstormProjects/git-list/server/vendor/laravel/framework/src/Illuminate/Container/BoundMethod.php(95): Illuminate\\Container\\Util::unwrapIfClosure(Object(Closure))
#20 /Users/dave/PhpstormProjects/git-list/server/vendor/laravel/framework/src/Illuminate/Container/BoundMethod.php(39): Illuminate\\Container\\BoundMethod::callBoundMethod(Object(Illuminate\\Foundation\\Application), Array, Object(Closure))
#21 /Users/dave/PhpstormProjects/git-list/server/vendor/laravel/framework/src/Illuminate/Container/Container.php(596): Illuminate\\Container\\BoundMethod::call(Object(Illuminate\\Foundation\\Application), Array, Array, NULL)
#22 /Users/dave/PhpstormProjects/git-list/server/vendor/laravel/framework/src/Illuminate/Bus/Dispatcher.php(94): Illuminate\\Container\\Container->call(Array)
#23 /Users/dave/PhpstormProjects/git-list/server/vendor/laravel/framework/src/Illuminate/Pipeline/Pipeline.php(128): Illuminate\\Bus\\Dispatcher->Illuminate\\Bus\\{closure}(Object(App\\Modules\\Commits\\Jobs\\SyncCommitsByPage))
#24 /Users/dave/PhpstormProjects/git-list/server/vendor/laravel/framework/src/Illuminate/Pipeline/Pipeline.php(103): Illuminate\\Pipeline\\Pipeline->Illuminate\\Pipeline\\{closure}(Object(App\\Modules\\Commits\\Jobs\\SyncCommitsByPage))
#25 /Users/dave/PhpstormProjects/git-list/server/vendor/laravel/framework/src/Illuminate/Bus/Dispatcher.php(98): Illuminate\\Pipeline\\Pipeline->then(Object(Closure))
#26 /Users/dave/PhpstormProjects/git-list/server/vendor/laravel/framework/src/Illuminate/Queue/CallQueuedHandler.php(83): Illuminate\\Bus\\Dispatcher->dispatchNow(Object(App\\Modules\\Commits\\Jobs\\SyncCommitsByPage), false)
#27 /Users/dave/PhpstormProjects/git-list/server/vendor/laravel/framework/src/Illuminate/Pipeline/Pipeline.php(128): Illuminate\\Queue\\CallQueuedHandler->Illuminate\\Queue\\{closure}(Object(App\\Modules\\Commits\\Jobs\\SyncCommitsByPage))
#28 /Users/dave/PhpstormProjects/git-list/server/vendor/laravel/framework/src/Illuminate/Pipeline/Pipeline.php(103): Illuminate\\Pipeline\\Pipeline->Illuminate\\Pipeline\\{closure}(Object(App\\Modules\\Commits\\Jobs\\SyncCommitsByPage))
#29 /Users/dave/PhpstormProjects/git-list/server/vendor/laravel/framework/src/Illuminate/Queue/CallQueuedHandler.php(85): Illuminate\\Pipeline\\Pipeline->then(Object(Closure))
#30 /Users/dave/PhpstormProjects/git-list/server/vendor/laravel/framework/src/Illuminate/Queue/CallQueuedHandler.php(59): Illuminate\\Queue\\CallQueuedHandler->dispatchThroughMiddleware(Object(Illuminate\\Queue\\Jobs\\RedisJob), Object(App\\Modules\\Commits\\Jobs\\SyncCommitsByPage))
#31 /Users/dave/PhpstormProjects/git-list/server/vendor/laravel/framework/src/Illuminate/Queue/Jobs/Job.php(98): Illuminate\\Queue\\CallQueuedHandler->call(Object(Illuminate\\Queue\\Jobs\\RedisJob), Array)
#32 /Users/dave/PhpstormProjects/git-list/server/vendor/laravel/framework/src/Illuminate/Queue/Worker.php(356): Illuminate\\Queue\\Jobs\\Job->fire()
#33 /Users/dave/PhpstormProjects/git-list/server/vendor/laravel/framework/src/Illuminate/Queue/Worker.php(306): Illuminate\\Queue\\Worker->process('redis', Object(Illuminate\\Queue\\Jobs\\RedisJob), Object(Illuminate\\Queue\\WorkerOptions))
#34 /Users/dave/PhpstormProjects/git-list/server/vendor/laravel/framework/src/Illuminate/Queue/Worker.php(132): Illuminate\\Queue\\Worker->runJob(Object(Illuminate\\Queue\\Jobs\\RedisJob), 'redis', Object(Illuminate\\Queue\\WorkerOptions))
#35 /Users/dave/PhpstormProjects/git-list/server/vendor/laravel/framework/src/Illuminate/Queue/Console/WorkCommand.php(112): Illuminate\\Queue\\Worker->daemon('redis', 'default', Object(Illuminate\\Queue\\WorkerOptions))
#36 /Users/dave/PhpstormProjects/git-list/server/vendor/laravel/framework/src/Illuminate/Queue/Console/WorkCommand.php(96): Illuminate\\Queue\\Console\\WorkCommand->runWorker('redis', 'default')
#37 /Users/dave/PhpstormProjects/git-list/server/vendor/laravel/horizon/src/Console/WorkCommand.php(46): Illuminate\\Queue\\Console\\WorkCommand->handle()
#38 [internal function]: Laravel\\Horizon\\Console\\WorkCommand->handle()
#39 /Users/dave/PhpstormProjects/git-list/server/vendor/laravel/framework/src/Illuminate/Container/BoundMethod.php(37): call_user_func_array(Array, Array)
#40 /Users/dave/PhpstormProjects/git-list/server/vendor/laravel/framework/src/Illuminate/Container/Util.php(37): Illuminate\\Container\\BoundMethod::Illuminate\\Container\\{closure}()
#41 /Users/dave/PhpstormProjects/git-list/server/vendor/laravel/framework/src/Illuminate/Container/BoundMethod.php(95): Illuminate\\Container\\Util::unwrapIfClosure(Object(Closure))
#42 /Users/dave/PhpstormProjects/git-list/server/vendor/laravel/framework/src/Illuminate/Container/BoundMethod.php(39): Illuminate\\Container\\BoundMethod::callBoundMethod(Object(Illuminate\\Foundation\\Application), Array, Object(Closure))
#43 /Users/dave/PhpstormProjects/git-list/server/vendor/laravel/framework/src/Illuminate/Container/Container.php(596): Illuminate\\Container\\BoundMethod::call(Object(Illuminate\\Foundation\\Application), Array, Array, NULL)
#44 /Users/dave/PhpstormProjects/git-list/server/vendor/laravel/framework/src/Illuminate/Console/Command.php(134): Illuminate\\Container\\Container->call(Array)
#45 /Users/dave/PhpstormProjects/git-list/server/vendor/symfony/console/Command/Command.php(258): Illuminate\\Console\\Command->execute(Object(Symfony\\Component\\Console\\Input\\ArgvInput), Object(Illuminate\\Console\\OutputStyle))
#46 /Users/dave/PhpstormProjects/git-list/server/vendor/laravel/framework/src/Illuminate/Console/Command.php(121): Symfony\\Component\\Console\\Command\\Command->run(Object(Symfony\\Component\\Console\\Input\\ArgvInput), Object(Illuminate\\Console\\OutputStyle))
#47 /Users/dave/PhpstormProjects/git-list/server/vendor/symfony/console/Application.php(911): Illuminate\\Console\\Command->run(Object(Symfony\\Component\\Console\\Input\\ArgvInput), Object(Symfony\\Component\\Console\\Output\\ConsoleOutput))
#48 /Users/dave/PhpstormProjects/git-list/server/vendor/symfony/console/Application.php(264): Symfony\\Component\\Console\\Application->doRunCommand(Object(Laravel\\Horizon\\Console\\WorkCommand), Object(Symfony\\Component\\Console\\Input\\ArgvInput), Object(Symfony\\Component\\Console\\Output\\ConsoleOutput))
#49 /Users/dave/PhpstormProjects/git-list/server/vendor/symfony/console/Application.php(140): Symfony\\Component\\Console\\Application->doRun(Object(Symfony\\Component\\Console\\Input\\ArgvInput), Object(Symfony\\Component\\Console\\Output\\ConsoleOutput))
#50 /Users/dave/PhpstormProjects/git-list/server/vendor/laravel/framework/src/Illuminate/Console/Application.php(93): Symfony\\Component\\Console\\Application->run(Object(Symfony\\Component\\Console\\Input\\ArgvInput), Object(Symfony\\Component\\Console\\Output\\ConsoleOutput))
#51 /Users/dave/PhpstormProjects/git-list/server/vendor/laravel/framework/src/Illuminate/Foundation/Console/Kernel.php(129): Illuminate\\Console\\Application->run(Object(Symfony\\Component\\Console\\Input\\ArgvInput), Object(Symfony\\Component\\Console\\Output\\ConsoleOutput))
#52 /Users/dave/PhpstormProjects/git-list/server/artisan(37): Illuminate\\Foundation\\Console\\Kernel->handle(Object(Symfony\\Component\\Console\\Input\\ArgvInput), Object(Symfony\\Component\\Console\\Output\\ConsoleOutput))
#53 {main}

[previous exception] [object] (PDOException(code: 42703): SQLSTATE[42703]: Undefined column: 7 ERROR:  column \"repository\" does not exist
LINE 1: ...ists(select * from \"commits\" where \"sha\" = $1 and \"repositor...
                                                             ^
HINT:  Perhaps you meant to reference the column \"commits.repository_id\". at /Users/dave/PhpstormProjects/git-list/server/vendor/laravel/framework/src/Illuminate/Database/Connection.php:336)
[stacktrace]
#0 /Users/dave/PhpstormProjects/git-list/server/vendor/laravel/framework/src/Illuminate/Database/Connection.php(336): PDOStatement->execute()
#1 /Users/dave/PhpstormProjects/git-list/server/vendor/laravel/framework/src/Illuminate/Database/Connection.php(664): Illuminate\\Database\\Connection->Illuminate\\Database\\{closure}('select exists(s...', Array)
#2 /Users/dave/PhpstormProjects/git-list/server/vendor/laravel/framework/src/Illuminate/Database/Connection.php(631): Illuminate\\Database\\Connection->runQueryCallback('select exists(s...', Array, Object(Closure))
#3 /Users/dave/PhpstormProjects/git-list/server/vendor/laravel/framework/src/Illuminate/Database/Connection.php(339): Illuminate\\Database\\Connection->run('select exists(s...', Array, Object(Closure))
#4 /Users/dave/PhpstormProjects/git-list/server/vendor/laravel/framework/src/Illuminate/Database/Query/Builder.php(2543): Illuminate\\Database\\Connection->select('select exists(s...', Array, true)
#5 /Users/dave/PhpstormProjects/git-list/server/vendor/laravel/framework/src/Illuminate/Database/Eloquent/Builder.php(1411): Illuminate\\Database\\Query\\Builder->exists()
#6 /Users/dave/PhpstormProjects/git-list/server/app/Modules/Commits/Commands/AddCommit.php(24): Illuminate\\Database\\Eloquent\\Builder->__call('exists', Array)
#7 [internal function]: App\\Modules\\Commits\\Commands\\AddCommit->handle()
#8 /Users/dave/PhpstormProjects/git-list/server/vendor/laravel/framework/src/Illuminate/Container/BoundMethod.php(37): call_user_func_array(Array, Array)
#9 /Users/dave/PhpstormProjects/git-list/server/vendor/laravel/framework/src/Illuminate/Container/Util.php(37): Illuminate\\Container\\BoundMethod::Illuminate\\Container\\{closure}()
#10 /Users/dave/PhpstormProjects/git-list/server/vendor/laravel/framework/src/Illuminate/Container/BoundMethod.php(95): Illuminate\\Container\\Util::unwrapIfClosure(Object(Closure))
#11 /Users/dave/PhpstormProjects/git-list/server/vendor/laravel/framework/src/Illuminate/Container/BoundMethod.php(39): Illuminate\\Container\\BoundMethod::callBoundMethod(Object(Illuminate\\Foundation\\Application), Array, Object(Closure))
#12 /Users/dave/PhpstormProjects/git-list/server/vendor/laravel/framework/src/Illuminate/Container/Container.php(596): Illuminate\\Container\\BoundMethod::call(Object(Illuminate\\Foundation\\Application), Array, Array, NULL)
#13 /Users/dave/PhpstormProjects/git-list/server/vendor/laravel/framework/src/Illuminate/Bus/Dispatcher.php(94): Illuminate\\Container\\Container->call(Array)
#14 /Users/dave/PhpstormProjects/git-list/server/vendor/laravel/framework/src/Illuminate/Pipeline/Pipeline.php(128): Illuminate\\Bus\\Dispatcher->Illuminate\\Bus\\{closure}(Object(App\\Modules\\Commits\\Commands\\AddCommit))
#15 /Users/dave/PhpstormProjects/git-list/server/vendor/laravel/framework/src/Illuminate/Pipeline/Pipeline.php(103): Illuminate\\Pipeline\\Pipeline->Illuminate\\Pipeline\\{closure}(Object(App\\Modules\\Commits\\Commands\\AddCommit))
#16 /Users/dave/PhpstormProjects/git-list/server/vendor/laravel/framework/src/Illuminate/Bus/Dispatcher.php(98): Illuminate\\Pipeline\\Pipeline->then(Object(Closure))
#17 /Users/dave/PhpstormProjects/git-list/server/app/Modules/Commits/Jobs/SyncCommitsByPage.php(45): Illuminate\\Bus\\Dispatcher->dispatchNow(Object(App\\Modules\\Commits\\Commands\\AddCommit))
#18 [internal function]: App\\Modules\\Commits\\Jobs\\SyncCommitsByPage->handle(Object(Github\\Api\\Repository\\Commits), Object(Illuminate\\Bus\\Dispatcher))
#19 /Users/dave/PhpstormProjects/git-list/server/vendor/laravel/framework/src/Illuminate/Container/BoundMethod.php(37): call_user_func_array(Array, Array)
#20 /Users/dave/PhpstormProjects/git-list/server/vendor/laravel/framework/src/Illuminate/Container/Util.php(37): Illuminate\\Container\\BoundMethod::Illuminate\\Container\\{closure}()
#21 /Users/dave/PhpstormProjects/git-list/server/vendor/laravel/framework/src/Illuminate/Container/BoundMethod.php(95): Illuminate\\Container\\Util::unwrapIfClosure(Object(Closure))
#22 /Users/dave/PhpstormProjects/git-list/server/vendor/laravel/framework/src/Illuminate/Container/BoundMethod.php(39): Illuminate\\Container\\BoundMethod::callBoundMethod(Object(Illuminate\\Foundation\\Application), Array, Object(Closure))
#23 /Users/dave/PhpstormProjects/git-list/server/vendor/laravel/framework/src/Illuminate/Container/Container.php(596): Illuminate\\Container\\BoundMethod::call(Object(Illuminate\\Foundation\\Application), Array, Array, NULL)
#24 /Users/dave/PhpstormProjects/git-list/server/vendor/laravel/framework/src/Illuminate/Bus/Dispatcher.php(94): Illuminate\\Container\\Container->call(Array)
#25 /Users/dave/PhpstormProjects/git-list/server/vendor/laravel/framework/src/Illuminate/Pipeline/Pipeline.php(128): Illuminate\\Bus\\Dispatcher->Illuminate\\Bus\\{closure}(Object(App\\Modules\\Commits\\Jobs\\SyncCommitsByPage))
#26 /Users/dave/PhpstormProjects/git-list/server/vendor/laravel/framework/src/Illuminate/Pipeline/Pipeline.php(103): Illuminate\\Pipeline\\Pipeline->Illuminate\\Pipeline\\{closure}(Object(App\\Modules\\Commits\\Jobs\\SyncCommitsByPage))
#27 /Users/dave/PhpstormProjects/git-list/server/vendor/laravel/framework/src/Illuminate/Bus/Dispatcher.php(98): Illuminate\\Pipeline\\Pipeline->then(Object(Closure))
#28 /Users/dave/PhpstormProjects/git-list/server/vendor/laravel/framework/src/Illuminate/Queue/CallQueuedHandler.php(83): Illuminate\\Bus\\Dispatcher->dispatchNow(Object(App\\Modules\\Commits\\Jobs\\SyncCommitsByPage), false)
#29 /Users/dave/PhpstormProjects/git-list/server/vendor/laravel/framework/src/Illuminate/Pipeline/Pipeline.php(128): Illuminate\\Queue\\CallQueuedHandler->Illuminate\\Queue\\{closure}(Object(App\\Modules\\Commits\\Jobs\\SyncCommitsByPage))
#30 /Users/dave/PhpstormProjects/git-list/server/vendor/laravel/framework/src/Illuminate/Pipeline/Pipeline.php(103): Illuminate\\Pipeline\\Pipeline->Illuminate\\Pipeline\\{closure}(Object(App\\Modules\\Commits\\Jobs\\SyncCommitsByPage))
#31 /Users/dave/PhpstormProjects/git-list/server/vendor/laravel/framework/src/Illuminate/Queue/CallQueuedHandler.php(85): Illuminate\\Pipeline\\Pipeline->then(Object(Closure))
#32 /Users/dave/PhpstormProjects/git-list/server/vendor/laravel/framework/src/Illuminate/Queue/CallQueuedHandler.php(59): Illuminate\\Queue\\CallQueuedHandler->dispatchThroughMiddleware(Object(Illuminate\\Queue\\Jobs\\RedisJob), Object(App\\Modules\\Commits\\Jobs\\SyncCommitsByPage))
#33 /Users/dave/PhpstormProjects/git-list/server/vendor/laravel/framework/src/Illuminate/Queue/Jobs/Job.php(98): Illuminate\\Queue\\CallQueuedHandler->call(Object(Illuminate\\Queue\\Jobs\\RedisJob), Array)
#34 /Users/dave/PhpstormProjects/git-list/server/vendor/laravel/framework/src/Illuminate/Queue/Worker.php(356): Illuminate\\Queue\\Jobs\\Job->fire()
#35 /Users/dave/PhpstormProjects/git-list/server/vendor/laravel/framework/src/Illuminate/Queue/Worker.php(306): Illuminate\\Queue\\Worker->process('redis', Object(Illuminate\\Queue\\Jobs\\RedisJob), Object(Illuminate\\Queue\\WorkerOptions))
#36 /Users/dave/PhpstormProjects/git-list/server/vendor/laravel/framework/src/Illuminate/Queue/Worker.php(132): Illuminate\\Queue\\Worker->runJob(Object(Illuminate\\Queue\\Jobs\\RedisJob), 'redis', Object(Illuminate\\Queue\\WorkerOptions))
#37 /Users/dave/PhpstormProjects/git-list/server/vendor/laravel/framework/src/Illuminate/Queue/Console/WorkCommand.php(112): Illuminate\\Queue\\Worker->daemon('redis', 'default', Object(Illuminate\\Queue\\WorkerOptions))
#38 /Users/dave/PhpstormProjects/git-list/server/vendor/laravel/framework/src/Illuminate/Queue/Console/WorkCommand.php(96): Illuminate\\Queue\\Console\\WorkCommand->runWorker('redis', 'default')
#39 /Users/dave/PhpstormProjects/git-list/server/vendor/laravel/horizon/src/Console/WorkCommand.php(46): Illuminate\\Queue\\Console\\WorkCommand->handle()
#40 [internal function]: Laravel\\Horizon\\Console\\WorkCommand->handle()
#41 /Users/dave/PhpstormProjects/git-list/server/vendor/laravel/framework/src/Illuminate/Container/BoundMethod.php(37): call_user_func_array(Array, Array)
#42 /Users/dave/PhpstormProjects/git-list/server/vendor/laravel/framework/src/Illuminate/Container/Util.php(37): Illuminate\\Container\\BoundMethod::Illuminate\\Container\\{closure}()
#43 /Users/dave/PhpstormProjects/git-list/server/vendor/laravel/framework/src/Illuminate/Container/BoundMethod.php(95): Illuminate\\Container\\Util::unwrapIfClosure(Object(Closure))
#44 /Users/dave/PhpstormProjects/git-list/server/vendor/laravel/framework/src/Illuminate/Container/BoundMethod.php(39): Illuminate\\Container\\BoundMethod::callBoundMethod(Object(Illuminate\\Foundation\\Application), Array, Object(Closure))
#45 /Users/dave/PhpstormProjects/git-list/server/vendor/laravel/framework/src/Illuminate/Container/Container.php(596): Illuminate\\Container\\BoundMethod::call(Object(Illuminate\\Foundation\\Application), Array, Array, NULL)
#46 /Users/dave/PhpstormProjects/git-list/server/vendor/laravel/framework/src/Illuminate/Console/Command.php(134): Illuminate\\Container\\Container->call(Array)
#47 /Users/dave/PhpstormProjects/git-list/server/vendor/symfony/console/Command/Command.php(258): Illuminate\\Console\\Command->execute(Object(Symfony\\Component\\Console\\Input\\ArgvInput), Object(Illuminate\\Console\\OutputStyle))
#48 /Users/dave/PhpstormProjects/git-list/server/vendor/laravel/framework/src/Illuminate/Console/Command.php(121): Symfony\\Component\\Console\\Command\\Command->run(Object(Symfony\\Component\\Console\\Input\\ArgvInput), Object(Illuminate\\Console\\OutputStyle))
#49 /Users/dave/PhpstormProjects/git-list/server/vendor/symfony/console/Application.php(911): Illuminate\\Console\\Command->run(Object(Symfony\\Component\\Console\\Input\\ArgvInput), Object(Symfony\\Component\\Console\\Output\\ConsoleOutput))
#50 /Users/dave/PhpstormProjects/git-list/server/vendor/symfony/console/Application.php(264): Symfony\\Component\\Console\\Application->doRunCommand(Object(Laravel\\Horizon\\Console\\WorkCommand), Object(Symfony\\Component\\Console\\Input\\ArgvInput), Object(Symfony\\Component\\Console\\Output\\ConsoleOutput))
#51 /Users/dave/PhpstormProjects/git-list/server/vendor/symfony/console/Application.php(140): Symfony\\Component\\Console\\Application->doRun(Object(Symfony\\Component\\Console\\Input\\ArgvInput), Object(Symfony\\Component\\Console\\Output\\ConsoleOutput))
#52 /Users/dave/PhpstormProjects/git-list/server/vendor/laravel/framework/src/Illuminate/Console/Application.php(93): Symfony\\Component\\Console\\Application->run(Object(Symfony\\Component\\Console\\Input\\ArgvInput), Object(Symfony\\Component\\Console\\Output\\ConsoleOutput))
#53 /Users/dave/PhpstormProjects/git-list/server/vendor/laravel/framework/src/Illuminate/Foundation/Console/Kernel.php(129): Illuminate\\Console\\Application->run(Object(Symfony\\Component\\Console\\Input\\ArgvInput), Object(Symfony\\Component\\Console\\Output\\ConsoleOutput))
#54 /Users/dave/PhpstormProjects/git-list/server/artisan(37): Illuminate\\Foundation\\Console\\Kernel->handle(Object(Symfony\\Component\\Console\\Input\\ArgvInput), Object(Symfony\\Component\\Console\\Output\\ConsoleOutput))
#55 {main}
"} 
[2020-08-30 19:14:41] local.ERROR: SQLSTATE[42703]: Undefined column: 7 ERROR:  column "repository" does not exist
LINE 1: ...ists(select * from "commits" where "sha" = $1 and "repositor...
                                                             ^
HINT:  Perhaps you meant to reference the column "commits.repository_id". (SQL: select exists(select * from "commits" where "sha" = 47b52007d597f42df58c11152b2a68a5ec1529db and "repository" = 1) as "exists") {"exception":"[object] (Illuminate\\Database\\QueryException(code: 42703): SQLSTATE[42703]: Undefined column: 7 ERROR:  column \"repository\" does not exist
LINE 1: ...ists(select * from \"commits\" where \"sha\" = $1 and \"repositor...
                                                             ^
HINT:  Perhaps you meant to reference the column \"commits.repository_id\". (SQL: select exists(select * from \"commits\" where \"sha\" = 47b52007d597f42df58c11152b2a68a5ec1529db and \"repository\" = 1) as \"exists\") at /Users/dave/PhpstormProjects/git-list/server/vendor/laravel/framework/src/Illuminate/Database/Connection.php:671)
[stacktrace]
#0 /Users/dave/PhpstormProjects/git-list/server/vendor/laravel/framework/src/Illuminate/Database/Connection.php(631): Illuminate\\Database\\Connection->runQueryCallback('select exists(s...', Array, Object(Closure))
#1 /Users/dave/PhpstormProjects/git-list/server/vendor/laravel/framework/src/Illuminate/Database/Connection.php(339): Illuminate\\Database\\Connection->run('select exists(s...', Array, Object(Closure))
#2 /Users/dave/PhpstormProjects/git-list/server/vendor/laravel/framework/src/Illuminate/Database/Query/Builder.php(2543): Illuminate\\Database\\Connection->select('select exists(s...', Array, true)
#3 /Users/dave/PhpstormProjects/git-list/server/vendor/laravel/framework/src/Illuminate/Database/Eloquent/Builder.php(1411): Illuminate\\Database\\Query\\Builder->exists()
#4 /Users/dave/PhpstormProjects/git-list/server/app/Modules/Commits/Commands/AddCommit.php(24): Illuminate\\Database\\Eloquent\\Builder->__call('exists', Array)
#5 [internal function]: App\\Modules\\Commits\\Commands\\AddCommit->handle()
#6 /Users/dave/PhpstormProjects/git-list/server/vendor/laravel/framework/src/Illuminate/Container/BoundMethod.php(37): call_user_func_array(Array, Array)
#7 /Users/dave/PhpstormProjects/git-list/server/vendor/laravel/framework/src/Illuminate/Container/Util.php(37): Illuminate\\Container\\BoundMethod::Illuminate\\Container\\{closure}()
#8 /Users/dave/PhpstormProjects/git-list/server/vendor/laravel/framework/src/Illuminate/Container/BoundMethod.php(95): Illuminate\\Container\\Util::unwrapIfClosure(Object(Closure))
#9 /Users/dave/PhpstormProjects/git-list/server/vendor/laravel/framework/src/Illuminate/Container/BoundMethod.php(39): Illuminate\\Container\\BoundMethod::callBoundMethod(Object(Illuminate\\Foundation\\Application), Array, Object(Closure))
#10 /Users/dave/PhpstormProjects/git-list/server/vendor/laravel/framework/src/Illuminate/Container/Container.php(596): Illuminate\\Container\\BoundMethod::call(Object(Illuminate\\Foundation\\Application), Array, Array, NULL)
#11 /Users/dave/PhpstormProjects/git-list/server/vendor/laravel/framework/src/Illuminate/Bus/Dispatcher.php(94): Illuminate\\Container\\Container->call(Array)
#12 /Users/dave/PhpstormProjects/git-list/server/vendor/laravel/framework/src/Illuminate/Pipeline/Pipeline.php(128): Illuminate\\Bus\\Dispatcher->Illuminate\\Bus\\{closure}(Object(App\\Modules\\Commits\\Commands\\AddCommit))
#13 /Users/dave/PhpstormProjects/git-list/server/vendor/laravel/framework/src/Illuminate/Pipeline/Pipeline.php(103): Illuminate\\Pipeline\\Pipeline->Illuminate\\Pipeline\\{closure}(Object(App\\Modules\\Commits\\Commands\\AddCommit))
#14 /Users/dave/PhpstormProjects/git-list/server/vendor/laravel/framework/src/Illuminate/Bus/Dispatcher.php(98): Illuminate\\Pipeline\\Pipeline->then(Object(Closure))
#15 /Users/dave/PhpstormProjects/git-list/server/app/Modules/Commits/Jobs/SyncCommitsByPage.php(45): Illuminate\\Bus\\Dispatcher->dispatchNow(Object(App\\Modules\\Commits\\Commands\\AddCommit))
#16 [internal function]: App\\Modules\\Commits\\Jobs\\SyncCommitsByPage->handle(Object(Github\\Api\\Repository\\Commits), Object(Illuminate\\Bus\\Dispatcher))
#17 /Users/dave/PhpstormProjects/git-list/server/vendor/laravel/framework/src/Illuminate/Container/BoundMethod.php(37): call_user_func_array(Array, Array)
#18 /Users/dave/PhpstormProjects/git-list/server/vendor/laravel/framework/src/Illuminate/Container/Util.php(37): Illuminate\\Container\\BoundMethod::Illuminate\\Container\\{closure}()
#19 /Users/dave/PhpstormProjects/git-list/server/vendor/laravel/framework/src/Illuminate/Container/BoundMethod.php(95): Illuminate\\Container\\Util::unwrapIfClosure(Object(Closure))
#20 /Users/dave/PhpstormProjects/git-list/server/vendor/laravel/framework/src/Illuminate/Container/BoundMethod.php(39): Illuminate\\Container\\BoundMethod::callBoundMethod(Object(Illuminate\\Foundation\\Application), Array, Object(Closure))
#21 /Users/dave/PhpstormProjects/git-list/server/vendor/laravel/framework/src/Illuminate/Container/Container.php(596): Illuminate\\Container\\BoundMethod::call(Object(Illuminate\\Foundation\\Application), Array, Array, NULL)
#22 /Users/dave/PhpstormProjects/git-list/server/vendor/laravel/framework/src/Illuminate/Bus/Dispatcher.php(94): Illuminate\\Container\\Container->call(Array)
#23 /Users/dave/PhpstormProjects/git-list/server/vendor/laravel/framework/src/Illuminate/Pipeline/Pipeline.php(128): Illuminate\\Bus\\Dispatcher->Illuminate\\Bus\\{closure}(Object(App\\Modules\\Commits\\Jobs\\SyncCommitsByPage))
#24 /Users/dave/PhpstormProjects/git-list/server/vendor/laravel/framework/src/Illuminate/Pipeline/Pipeline.php(103): Illuminate\\Pipeline\\Pipeline->Illuminate\\Pipeline\\{closure}(Object(App\\Modules\\Commits\\Jobs\\SyncCommitsByPage))
#25 /Users/dave/PhpstormProjects/git-list/server/vendor/laravel/framework/src/Illuminate/Bus/Dispatcher.php(98): Illuminate\\Pipeline\\Pipeline->then(Object(Closure))
#26 /Users/dave/PhpstormProjects/git-list/server/vendor/laravel/framework/src/Illuminate/Queue/CallQueuedHandler.php(83): Illuminate\\Bus\\Dispatcher->dispatchNow(Object(App\\Modules\\Commits\\Jobs\\SyncCommitsByPage), false)
#27 /Users/dave/PhpstormProjects/git-list/server/vendor/laravel/framework/src/Illuminate/Pipeline/Pipeline.php(128): Illuminate\\Queue\\CallQueuedHandler->Illuminate\\Queue\\{closure}(Object(App\\Modules\\Commits\\Jobs\\SyncCommitsByPage))
#28 /Users/dave/PhpstormProjects/git-list/server/vendor/laravel/framework/src/Illuminate/Pipeline/Pipeline.php(103): Illuminate\\Pipeline\\Pipeline->Illuminate\\Pipeline\\{closure}(Object(App\\Modules\\Commits\\Jobs\\SyncCommitsByPage))
#29 /Users/dave/PhpstormProjects/git-list/server/vendor/laravel/framework/src/Illuminate/Queue/CallQueuedHandler.php(85): Illuminate\\Pipeline\\Pipeline->then(Object(Closure))
#30 /Users/dave/PhpstormProjects/git-list/server/vendor/laravel/framework/src/Illuminate/Queue/CallQueuedHandler.php(59): Illuminate\\Queue\\CallQueuedHandler->dispatchThroughMiddleware(Object(Illuminate\\Queue\\Jobs\\RedisJob), Object(App\\Modules\\Commits\\Jobs\\SyncCommitsByPage))
#31 /Users/dave/PhpstormProjects/git-list/server/vendor/laravel/framework/src/Illuminate/Queue/Jobs/Job.php(98): Illuminate\\Queue\\CallQueuedHandler->call(Object(Illuminate\\Queue\\Jobs\\RedisJob), Array)
#32 /Users/dave/PhpstormProjects/git-list/server/vendor/laravel/framework/src/Illuminate/Queue/Worker.php(356): Illuminate\\Queue\\Jobs\\Job->fire()
#33 /Users/dave/PhpstormProjects/git-list/server/vendor/laravel/framework/src/Illuminate/Queue/Worker.php(306): Illuminate\\Queue\\Worker->process('redis', Object(Illuminate\\Queue\\Jobs\\RedisJob), Object(Illuminate\\Queue\\WorkerOptions))
#34 /Users/dave/PhpstormProjects/git-list/server/vendor/laravel/framework/src/Illuminate/Queue/Worker.php(132): Illuminate\\Queue\\Worker->runJob(Object(Illuminate\\Queue\\Jobs\\RedisJob), 'redis', Object(Illuminate\\Queue\\WorkerOptions))
#35 /Users/dave/PhpstormProjects/git-list/server/vendor/laravel/framework/src/Illuminate/Queue/Console/WorkCommand.php(112): Illuminate\\Queue\\Worker->daemon('redis', 'default', Object(Illuminate\\Queue\\WorkerOptions))
#36 /Users/dave/PhpstormProjects/git-list/server/vendor/laravel/framework/src/Illuminate/Queue/Console/WorkCommand.php(96): Illuminate\\Queue\\Console\\WorkCommand->runWorker('redis', 'default')
#37 /Users/dave/PhpstormProjects/git-list/server/vendor/laravel/horizon/src/Console/WorkCommand.php(46): Illuminate\\Queue\\Console\\WorkCommand->handle()
#38 [internal function]: Laravel\\Horizon\\Console\\WorkCommand->handle()
#39 /Users/dave/PhpstormProjects/git-list/server/vendor/laravel/framework/src/Illuminate/Container/BoundMethod.php(37): call_user_func_array(Array, Array)
#40 /Users/dave/PhpstormProjects/git-list/server/vendor/laravel/framework/src/Illuminate/Container/Util.php(37): Illuminate\\Container\\BoundMethod::Illuminate\\Container\\{closure}()
#41 /Users/dave/PhpstormProjects/git-list/server/vendor/laravel/framework/src/Illuminate/Container/BoundMethod.php(95): Illuminate\\Container\\Util::unwrapIfClosure(Object(Closure))
#42 /Users/dave/PhpstormProjects/git-list/server/vendor/laravel/framework/src/Illuminate/Container/BoundMethod.php(39): Illuminate\\Container\\BoundMethod::callBoundMethod(Object(Illuminate\\Foundation\\Application), Array, Object(Closure))
#43 /Users/dave/PhpstormProjects/git-list/server/vendor/laravel/framework/src/Illuminate/Container/Container.php(596): Illuminate\\Container\\BoundMethod::call(Object(Illuminate\\Foundation\\Application), Array, Array, NULL)
#44 /Users/dave/PhpstormProjects/git-list/server/vendor/laravel/framework/src/Illuminate/Console/Command.php(134): Illuminate\\Container\\Container->call(Array)
#45 /Users/dave/PhpstormProjects/git-list/server/vendor/symfony/console/Command/Command.php(258): Illuminate\\Console\\Command->execute(Object(Symfony\\Component\\Console\\Input\\ArgvInput), Object(Illuminate\\Console\\OutputStyle))
#46 /Users/dave/PhpstormProjects/git-list/server/vendor/laravel/framework/src/Illuminate/Console/Command.php(121): Symfony\\Component\\Console\\Command\\Command->run(Object(Symfony\\Component\\Console\\Input\\ArgvInput), Object(Illuminate\\Console\\OutputStyle))
#47 /Users/dave/PhpstormProjects/git-list/server/vendor/symfony/console/Application.php(911): Illuminate\\Console\\Command->run(Object(Symfony\\Component\\Console\\Input\\ArgvInput), Object(Symfony\\Component\\Console\\Output\\ConsoleOutput))
#48 /Users/dave/PhpstormProjects/git-list/server/vendor/symfony/console/Application.php(264): Symfony\\Component\\Console\\Application->doRunCommand(Object(Laravel\\Horizon\\Console\\WorkCommand), Object(Symfony\\Component\\Console\\Input\\ArgvInput), Object(Symfony\\Component\\Console\\Output\\ConsoleOutput))
#49 /Users/dave/PhpstormProjects/git-list/server/vendor/symfony/console/Application.php(140): Symfony\\Component\\Console\\Application->doRun(Object(Symfony\\Component\\Console\\Input\\ArgvInput), Object(Symfony\\Component\\Console\\Output\\ConsoleOutput))
#50 /Users/dave/PhpstormProjects/git-list/server/vendor/laravel/framework/src/Illuminate/Console/Application.php(93): Symfony\\Component\\Console\\Application->run(Object(Symfony\\Component\\Console\\Input\\ArgvInput), Object(Symfony\\Component\\Console\\Output\\ConsoleOutput))
#51 /Users/dave/PhpstormProjects/git-list/server/vendor/laravel/framework/src/Illuminate/Foundation/Console/Kernel.php(129): Illuminate\\Console\\Application->run(Object(Symfony\\Component\\Console\\Input\\ArgvInput), Object(Symfony\\Component\\Console\\Output\\ConsoleOutput))
#52 /Users/dave/PhpstormProjects/git-list/server/artisan(37): Illuminate\\Foundation\\Console\\Kernel->handle(Object(Symfony\\Component\\Console\\Input\\ArgvInput), Object(Symfony\\Component\\Console\\Output\\ConsoleOutput))
#53 {main}

[previous exception] [object] (PDOException(code: 42703): SQLSTATE[42703]: Undefined column: 7 ERROR:  column \"repository\" does not exist
LINE 1: ...ists(select * from \"commits\" where \"sha\" = $1 and \"repositor...
                                                             ^
HINT:  Perhaps you meant to reference the column \"commits.repository_id\". at /Users/dave/PhpstormProjects/git-list/server/vendor/laravel/framework/src/Illuminate/Database/Connection.php:336)
[stacktrace]
#0 /Users/dave/PhpstormProjects/git-list/server/vendor/laravel/framework/src/Illuminate/Database/Connection.php(336): PDOStatement->execute()
#1 /Users/dave/PhpstormProjects/git-list/server/vendor/laravel/framework/src/Illuminate/Database/Connection.php(664): Illuminate\\Database\\Connection->Illuminate\\Database\\{closure}('select exists(s...', Array)
#2 /Users/dave/PhpstormProjects/git-list/server/vendor/laravel/framework/src/Illuminate/Database/Connection.php(631): Illuminate\\Database\\Connection->runQueryCallback('select exists(s...', Array, Object(Closure))
#3 /Users/dave/PhpstormProjects/git-list/server/vendor/laravel/framework/src/Illuminate/Database/Connection.php(339): Illuminate\\Database\\Connection->run('select exists(s...', Array, Object(Closure))
#4 /Users/dave/PhpstormProjects/git-list/server/vendor/laravel/framework/src/Illuminate/Database/Query/Builder.php(2543): Illuminate\\Database\\Connection->select('select exists(s...', Array, true)
#5 /Users/dave/PhpstormProjects/git-list/server/vendor/laravel/framework/src/Illuminate/Database/Eloquent/Builder.php(1411): Illuminate\\Database\\Query\\Builder->exists()
#6 /Users/dave/PhpstormProjects/git-list/server/app/Modules/Commits/Commands/AddCommit.php(24): Illuminate\\Database\\Eloquent\\Builder->__call('exists', Array)
#7 [internal function]: App\\Modules\\Commits\\Commands\\AddCommit->handle()
#8 /Users/dave/PhpstormProjects/git-list/server/vendor/laravel/framework/src/Illuminate/Container/BoundMethod.php(37): call_user_func_array(Array, Array)
#9 /Users/dave/PhpstormProjects/git-list/server/vendor/laravel/framework/src/Illuminate/Container/Util.php(37): Illuminate\\Container\\BoundMethod::Illuminate\\Container\\{closure}()
#10 /Users/dave/PhpstormProjects/git-list/server/vendor/laravel/framework/src/Illuminate/Container/BoundMethod.php(95): Illuminate\\Container\\Util::unwrapIfClosure(Object(Closure))
#11 /Users/dave/PhpstormProjects/git-list/server/vendor/laravel/framework/src/Illuminate/Container/BoundMethod.php(39): Illuminate\\Container\\BoundMethod::callBoundMethod(Object(Illuminate\\Foundation\\Application), Array, Object(Closure))
#12 /Users/dave/PhpstormProjects/git-list/server/vendor/laravel/framework/src/Illuminate/Container/Container.php(596): Illuminate\\Container\\BoundMethod::call(Object(Illuminate\\Foundation\\Application), Array, Array, NULL)
#13 /Users/dave/PhpstormProjects/git-list/server/vendor/laravel/framework/src/Illuminate/Bus/Dispatcher.php(94): Illuminate\\Container\\Container->call(Array)
#14 /Users/dave/PhpstormProjects/git-list/server/vendor/laravel/framework/src/Illuminate/Pipeline/Pipeline.php(128): Illuminate\\Bus\\Dispatcher->Illuminate\\Bus\\{closure}(Object(App\\Modules\\Commits\\Commands\\AddCommit))
#15 /Users/dave/PhpstormProjects/git-list/server/vendor/laravel/framework/src/Illuminate/Pipeline/Pipeline.php(103): Illuminate\\Pipeline\\Pipeline->Illuminate\\Pipeline\\{closure}(Object(App\\Modules\\Commits\\Commands\\AddCommit))
#16 /Users/dave/PhpstormProjects/git-list/server/vendor/laravel/framework/src/Illuminate/Bus/Dispatcher.php(98): Illuminate\\Pipeline\\Pipeline->then(Object(Closure))
#17 /Users/dave/PhpstormProjects/git-list/server/app/Modules/Commits/Jobs/SyncCommitsByPage.php(45): Illuminate\\Bus\\Dispatcher->dispatchNow(Object(App\\Modules\\Commits\\Commands\\AddCommit))
#18 [internal function]: App\\Modules\\Commits\\Jobs\\SyncCommitsByPage->handle(Object(Github\\Api\\Repository\\Commits), Object(Illuminate\\Bus\\Dispatcher))
#19 /Users/dave/PhpstormProjects/git-list/server/vendor/laravel/framework/src/Illuminate/Container/BoundMethod.php(37): call_user_func_array(Array, Array)
#20 /Users/dave/PhpstormProjects/git-list/server/vendor/laravel/framework/src/Illuminate/Container/Util.php(37): Illuminate\\Container\\BoundMethod::Illuminate\\Container\\{closure}()
#21 /Users/dave/PhpstormProjects/git-list/server/vendor/laravel/framework/src/Illuminate/Container/BoundMethod.php(95): Illuminate\\Container\\Util::unwrapIfClosure(Object(Closure))
#22 /Users/dave/PhpstormProjects/git-list/server/vendor/laravel/framework/src/Illuminate/Container/BoundMethod.php(39): Illuminate\\Container\\BoundMethod::callBoundMethod(Object(Illuminate\\Foundation\\Application), Array, Object(Closure))
#23 /Users/dave/PhpstormProjects/git-list/server/vendor/laravel/framework/src/Illuminate/Container/Container.php(596): Illuminate\\Container\\BoundMethod::call(Object(Illuminate\\Foundation\\Application), Array, Array, NULL)
#24 /Users/dave/PhpstormProjects/git-list/server/vendor/laravel/framework/src/Illuminate/Bus/Dispatcher.php(94): Illuminate\\Container\\Container->call(Array)
#25 /Users/dave/PhpstormProjects/git-list/server/vendor/laravel/framework/src/Illuminate/Pipeline/Pipeline.php(128): Illuminate\\Bus\\Dispatcher->Illuminate\\Bus\\{closure}(Object(App\\Modules\\Commits\\Jobs\\SyncCommitsByPage))
#26 /Users/dave/PhpstormProjects/git-list/server/vendor/laravel/framework/src/Illuminate/Pipeline/Pipeline.php(103): Illuminate\\Pipeline\\Pipeline->Illuminate\\Pipeline\\{closure}(Object(App\\Modules\\Commits\\Jobs\\SyncCommitsByPage))
#27 /Users/dave/PhpstormProjects/git-list/server/vendor/laravel/framework/src/Illuminate/Bus/Dispatcher.php(98): Illuminate\\Pipeline\\Pipeline->then(Object(Closure))
#28 /Users/dave/PhpstormProjects/git-list/server/vendor/laravel/framework/src/Illuminate/Queue/CallQueuedHandler.php(83): Illuminate\\Bus\\Dispatcher->dispatchNow(Object(App\\Modules\\Commits\\Jobs\\SyncCommitsByPage), false)
#29 /Users/dave/PhpstormProjects/git-list/server/vendor/laravel/framework/src/Illuminate/Pipeline/Pipeline.php(128): Illuminate\\Queue\\CallQueuedHandler->Illuminate\\Queue\\{closure}(Object(App\\Modules\\Commits\\Jobs\\SyncCommitsByPage))
#30 /Users/dave/PhpstormProjects/git-list/server/vendor/laravel/framework/src/Illuminate/Pipeline/Pipeline.php(103): Illuminate\\Pipeline\\Pipeline->Illuminate\\Pipeline\\{closure}(Object(App\\Modules\\Commits\\Jobs\\SyncCommitsByPage))
#31 /Users/dave/PhpstormProjects/git-list/server/vendor/laravel/framework/src/Illuminate/Queue/CallQueuedHandler.php(85): Illuminate\\Pipeline\\Pipeline->then(Object(Closure))
#32 /Users/dave/PhpstormProjects/git-list/server/vendor/laravel/framework/src/Illuminate/Queue/CallQueuedHandler.php(59): Illuminate\\Queue\\CallQueuedHandler->dispatchThroughMiddleware(Object(Illuminate\\Queue\\Jobs\\RedisJob), Object(App\\Modules\\Commits\\Jobs\\SyncCommitsByPage))
#33 /Users/dave/PhpstormProjects/git-list/server/vendor/laravel/framework/src/Illuminate/Queue/Jobs/Job.php(98): Illuminate\\Queue\\CallQueuedHandler->call(Object(Illuminate\\Queue\\Jobs\\RedisJob), Array)
#34 /Users/dave/PhpstormProjects/git-list/server/vendor/laravel/framework/src/Illuminate/Queue/Worker.php(356): Illuminate\\Queue\\Jobs\\Job->fire()
#35 /Users/dave/PhpstormProjects/git-list/server/vendor/laravel/framework/src/Illuminate/Queue/Worker.php(306): Illuminate\\Queue\\Worker->process('redis', Object(Illuminate\\Queue\\Jobs\\RedisJob), Object(Illuminate\\Queue\\WorkerOptions))
#36 /Users/dave/PhpstormProjects/git-list/server/vendor/laravel/framework/src/Illuminate/Queue/Worker.php(132): Illuminate\\Queue\\Worker->runJob(Object(Illuminate\\Queue\\Jobs\\RedisJob), 'redis', Object(Illuminate\\Queue\\WorkerOptions))
#37 /Users/dave/PhpstormProjects/git-list/server/vendor/laravel/framework/src/Illuminate/Queue/Console/WorkCommand.php(112): Illuminate\\Queue\\Worker->daemon('redis', 'default', Object(Illuminate\\Queue\\WorkerOptions))
#38 /Users/dave/PhpstormProjects/git-list/server/vendor/laravel/framework/src/Illuminate/Queue/Console/WorkCommand.php(96): Illuminate\\Queue\\Console\\WorkCommand->runWorker('redis', 'default')
#39 /Users/dave/PhpstormProjects/git-list/server/vendor/laravel/horizon/src/Console/WorkCommand.php(46): Illuminate\\Queue\\Console\\WorkCommand->handle()
#40 [internal function]: Laravel\\Horizon\\Console\\WorkCommand->handle()
#41 /Users/dave/PhpstormProjects/git-list/server/vendor/laravel/framework/src/Illuminate/Container/BoundMethod.php(37): call_user_func_array(Array, Array)
#42 /Users/dave/PhpstormProjects/git-list/server/vendor/laravel/framework/src/Illuminate/Container/Util.php(37): Illuminate\\Container\\BoundMethod::Illuminate\\Container\\{closure}()
#43 /Users/dave/PhpstormProjects/git-list/server/vendor/laravel/framework/src/Illuminate/Container/BoundMethod.php(95): Illuminate\\Container\\Util::unwrapIfClosure(Object(Closure))
#44 /Users/dave/PhpstormProjects/git-list/server/vendor/laravel/framework/src/Illuminate/Container/BoundMethod.php(39): Illuminate\\Container\\BoundMethod::callBoundMethod(Object(Illuminate\\Foundation\\Application), Array, Object(Closure))
#45 /Users/dave/PhpstormProjects/git-list/server/vendor/laravel/framework/src/Illuminate/Container/Container.php(596): Illuminate\\Container\\BoundMethod::call(Object(Illuminate\\Foundation\\Application), Array, Array, NULL)
#46 /Users/dave/PhpstormProjects/git-list/server/vendor/laravel/framework/src/Illuminate/Console/Command.php(134): Illuminate\\Container\\Container->call(Array)
#47 /Users/dave/PhpstormProjects/git-list/server/vendor/symfony/console/Command/Command.php(258): Illuminate\\Console\\Command->execute(Object(Symfony\\Component\\Console\\Input\\ArgvInput), Object(Illuminate\\Console\\OutputStyle))
#48 /Users/dave/PhpstormProjects/git-list/server/vendor/laravel/framework/src/Illuminate/Console/Command.php(121): Symfony\\Component\\Console\\Command\\Command->run(Object(Symfony\\Component\\Console\\Input\\ArgvInput), Object(Illuminate\\Console\\OutputStyle))
#49 /Users/dave/PhpstormProjects/git-list/server/vendor/symfony/console/Application.php(911): Illuminate\\Console\\Command->run(Object(Symfony\\Component\\Console\\Input\\ArgvInput), Object(Symfony\\Component\\Console\\Output\\ConsoleOutput))
#50 /Users/dave/PhpstormProjects/git-list/server/vendor/symfony/console/Application.php(264): Symfony\\Component\\Console\\Application->doRunCommand(Object(Laravel\\Horizon\\Console\\WorkCommand), Object(Symfony\\Component\\Console\\Input\\ArgvInput), Object(Symfony\\Component\\Console\\Output\\ConsoleOutput))
#51 /Users/dave/PhpstormProjects/git-list/server/vendor/symfony/console/Application.php(140): Symfony\\Component\\Console\\Application->doRun(Object(Symfony\\Component\\Console\\Input\\ArgvInput), Object(Symfony\\Component\\Console\\Output\\ConsoleOutput))
#52 /Users/dave/PhpstormProjects/git-list/server/vendor/laravel/framework/src/Illuminate/Console/Application.php(93): Symfony\\Component\\Console\\Application->run(Object(Symfony\\Component\\Console\\Input\\ArgvInput), Object(Symfony\\Component\\Console\\Output\\ConsoleOutput))
#53 /Users/dave/PhpstormProjects/git-list/server/vendor/laravel/framework/src/Illuminate/Foundation/Console/Kernel.php(129): Illuminate\\Console\\Application->run(Object(Symfony\\Component\\Console\\Input\\ArgvInput), Object(Symfony\\Component\\Console\\Output\\ConsoleOutput))
#54 /Users/dave/PhpstormProjects/git-list/server/artisan(37): Illuminate\\Foundation\\Console\\Kernel->handle(Object(Symfony\\Component\\Console\\Input\\ArgvInput), Object(Symfony\\Component\\Console\\Output\\ConsoleOutput))
#55 {main}
"} 
[2020-08-30 19:56:41] local.ERROR: Argument 1 passed to Illuminate\Database\Eloquent\Collection::map() must be callable, string given, called in /Users/dave/PhpstormProjects/git-list/server/app/Http/Controllers/RepositoriesController.php on line 37 {"exception":"[object] (TypeError(code: 0): Argument 1 passed to Illuminate\\Database\\Eloquent\\Collection::map() must be callable, string given, called in /Users/dave/PhpstormProjects/git-list/server/app/Http/Controllers/RepositoriesController.php on line 37 at /Users/dave/PhpstormProjects/git-list/server/vendor/laravel/framework/src/Illuminate/Database/Eloquent/Collection.php:275)
[stacktrace]
#0 /Users/dave/PhpstormProjects/git-list/server/app/Http/Controllers/RepositoriesController.php(37): Illuminate\\Database\\Eloquent\\Collection->map('toArray')
#1 [internal function]: App\\Http\\Controllers\\RepositoriesController->commits(Object(App\\Modules\\Repositories\\Models\\Repository))
#2 /Users/dave/PhpstormProjects/git-list/server/vendor/laravel/framework/src/Illuminate/Routing/Controller.php(54): call_user_func_array(Array, Array)
#3 /Users/dave/PhpstormProjects/git-list/server/vendor/laravel/framework/src/Illuminate/Routing/ControllerDispatcher.php(45): Illuminate\\Routing\\Controller->callAction('commits', Array)
#4 /Users/dave/PhpstormProjects/git-list/server/vendor/laravel/framework/src/Illuminate/Routing/Route.php(239): Illuminate\\Routing\\ControllerDispatcher->dispatch(Object(Illuminate\\Routing\\Route), Object(App\\Http\\Controllers\\RepositoriesController), 'commits')
#5 /Users/dave/PhpstormProjects/git-list/server/vendor/laravel/framework/src/Illuminate/Routing/Route.php(196): Illuminate\\Routing\\Route->runController()
#6 /Users/dave/PhpstormProjects/git-list/server/vendor/laravel/framework/src/Illuminate/Routing/Router.php(685): Illuminate\\Routing\\Route->run()
#7 /Users/dave/PhpstormProjects/git-list/server/vendor/laravel/framework/src/Illuminate/Pipeline/Pipeline.php(128): Illuminate\\Routing\\Router->Illuminate\\Routing\\{closure}(Object(Illuminate\\Http\\Request))
#8 /Users/dave/PhpstormProjects/git-list/server/vendor/laravel/framework/src/Illuminate/Routing/Middleware/SubstituteBindings.php(41): Illuminate\\Pipeline\\Pipeline->Illuminate\\Pipeline\\{closure}(Object(Illuminate\\Http\\Request))
#9 /Users/dave/PhpstormProjects/git-list/server/vendor/laravel/framework/src/Illuminate/Pipeline/Pipeline.php(167): Illuminate\\Routing\\Middleware\\SubstituteBindings->handle(Object(Illuminate\\Http\\Request), Object(Closure))
#10 /Users/dave/PhpstormProjects/git-list/server/vendor/laravel/framework/src/Illuminate/Pipeline/Pipeline.php(103): Illuminate\\Pipeline\\Pipeline->Illuminate\\Pipeline\\{closure}(Object(Illuminate\\Http\\Request))
#11 /Users/dave/PhpstormProjects/git-list/server/vendor/laravel/framework/src/Illuminate/Routing/Router.php(687): Illuminate\\Pipeline\\Pipeline->then(Object(Closure))
#12 /Users/dave/PhpstormProjects/git-list/server/vendor/laravel/framework/src/Illuminate/Routing/Router.php(662): Illuminate\\Routing\\Router->runRouteWithinStack(Object(Illuminate\\Routing\\Route), Object(Illuminate\\Http\\Request))
#13 /Users/dave/PhpstormProjects/git-list/server/vendor/laravel/framework/src/Illuminate/Routing/Router.php(628): Illuminate\\Routing\\Router->runRoute(Object(Illuminate\\Http\\Request), Object(Illuminate\\Routing\\Route))
#14 /Users/dave/PhpstormProjects/git-list/server/vendor/laravel/framework/src/Illuminate/Routing/Router.php(617): Illuminate\\Routing\\Router->dispatchToRoute(Object(Illuminate\\Http\\Request))
#15 /Users/dave/PhpstormProjects/git-list/server/vendor/laravel/framework/src/Illuminate/Foundation/Http/Kernel.php(165): Illuminate\\Routing\\Router->dispatch(Object(Illuminate\\Http\\Request))
#16 /Users/dave/PhpstormProjects/git-list/server/vendor/laravel/framework/src/Illuminate/Pipeline/Pipeline.php(128): Illuminate\\Foundation\\Http\\Kernel->Illuminate\\Foundation\\Http\\{closure}(Object(Illuminate\\Http\\Request))
#17 /Users/dave/PhpstormProjects/git-list/server/vendor/laravel/framework/src/Illuminate/Foundation/Http/Middleware/TransformsRequest.php(21): Illuminate\\Pipeline\\Pipeline->Illuminate\\Pipeline\\{closure}(Object(Illuminate\\Http\\Request))
#18 /Users/dave/PhpstormProjects/git-list/server/vendor/laravel/framework/src/Illuminate/Pipeline/Pipeline.php(167): Illuminate\\Foundation\\Http\\Middleware\\TransformsRequest->handle(Object(Illuminate\\Http\\Request), Object(Closure))
#19 /Users/dave/PhpstormProjects/git-list/server/vendor/laravel/framework/src/Illuminate/Foundation/Http/Middleware/TransformsRequest.php(21): Illuminate\\Pipeline\\Pipeline->Illuminate\\Pipeline\\{closure}(Object(Illuminate\\Http\\Request))
#20 /Users/dave/PhpstormProjects/git-list/server/vendor/laravel/framework/src/Illuminate/Pipeline/Pipeline.php(167): Illuminate\\Foundation\\Http\\Middleware\\TransformsRequest->handle(Object(Illuminate\\Http\\Request), Object(Closure))
#21 /Users/dave/PhpstormProjects/git-list/server/vendor/laravel/framework/src/Illuminate/Foundation/Http/Middleware/ValidatePostSize.php(27): Illuminate\\Pipeline\\Pipeline->Illuminate\\Pipeline\\{closure}(Object(Illuminate\\Http\\Request))
#22 /Users/dave/PhpstormProjects/git-list/server/vendor/laravel/framework/src/Illuminate/Pipeline/Pipeline.php(167): Illuminate\\Foundation\\Http\\Middleware\\ValidatePostSize->handle(Object(Illuminate\\Http\\Request), Object(Closure))
#23 /Users/dave/PhpstormProjects/git-list/server/vendor/laravel/framework/src/Illuminate/Foundation/Http/Middleware/CheckForMaintenanceMode.php(63): Illuminate\\Pipeline\\Pipeline->Illuminate\\Pipeline\\{closure}(Object(Illuminate\\Http\\Request))
#24 /Users/dave/PhpstormProjects/git-list/server/vendor/laravel/framework/src/Illuminate/Pipeline/Pipeline.php(167): Illuminate\\Foundation\\Http\\Middleware\\CheckForMaintenanceMode->handle(Object(Illuminate\\Http\\Request), Object(Closure))
#25 /Users/dave/PhpstormProjects/git-list/server/vendor/fruitcake/laravel-cors/src/HandleCors.php(57): Illuminate\\Pipeline\\Pipeline->Illuminate\\Pipeline\\{closure}(Object(Illuminate\\Http\\Request))
#26 /Users/dave/PhpstormProjects/git-list/server/vendor/laravel/framework/src/Illuminate/Pipeline/Pipeline.php(167): Fruitcake\\Cors\\HandleCors->handle(Object(Illuminate\\Http\\Request), Object(Closure))
#27 /Users/dave/PhpstormProjects/git-list/server/vendor/fideloper/proxy/src/TrustProxies.php(57): Illuminate\\Pipeline\\Pipeline->Illuminate\\Pipeline\\{closure}(Object(Illuminate\\Http\\Request))
#28 /Users/dave/PhpstormProjects/git-list/server/vendor/laravel/framework/src/Illuminate/Pipeline/Pipeline.php(167): Fideloper\\Proxy\\TrustProxies->handle(Object(Illuminate\\Http\\Request), Object(Closure))
#29 /Users/dave/PhpstormProjects/git-list/server/vendor/laravel/framework/src/Illuminate/Pipeline/Pipeline.php(103): Illuminate\\Pipeline\\Pipeline->Illuminate\\Pipeline\\{closure}(Object(Illuminate\\Http\\Request))
#30 /Users/dave/PhpstormProjects/git-list/server/vendor/laravel/framework/src/Illuminate/Foundation/Http/Kernel.php(140): Illuminate\\Pipeline\\Pipeline->then(Object(Closure))
#31 /Users/dave/PhpstormProjects/git-list/server/vendor/laravel/framework/src/Illuminate/Foundation/Http/Kernel.php(109): Illuminate\\Foundation\\Http\\Kernel->sendRequestThroughRouter(Object(Illuminate\\Http\\Request))
#32 /Users/dave/PhpstormProjects/git-list/server/public/index.php(55): Illuminate\\Foundation\\Http\\Kernel->handle(Object(Illuminate\\Http\\Request))
#33 /Users/dave/.composer/vendor/laravel/valet/server.php(158): require('/Users/dave/Php...')
#34 {main}
"} 
